c7qCUpJ+F4b8ckOVTzWx4R9GJHh2F5kmV8k8R6ClqaxTYTUbZwMXW5VoKTtrx8hMXLka0SVraQ/0AseVito+cds1fuk2U2fxYc8j4YRkZxs9HUI4SiVhiNizn8TpcTo46VOAOKrRJFSusdHCt5W4AiTVKD8y2eh899sNlg+5N4VHlRCYu7RVmEloYUQbUGBegZjsrsw=
6Ka1g07ncBI22qP8Ewd7oskMe7+Z0MimvsbO0byG3m/snW/7iqMuVUfDxkEXxic7rvvcTpDDtN16d9JDZMnsp7W5I4uZMX7AxXOvqdi40JHz4HoXZRRTNXhwO6daGLClNlystevSzbGa6vbhcn9obTqUVX93BrU9tQ3V4Yo4YUCH0AssW5ThdEI2k6z2rtY=
GnJQrCVAAF5RrgMahNuLAnz2i6wX3pP5OBPeACfmhs6+Q+gNPC6vZESQjOrQO8M/R2tMUz+5hJGEJMKddRaQ0rJDRoFRaW7TRgOi/bPzsnnuQ1kDWsuo5hxj+PVuJ4bb+Inwv2Hpt2NVUXIocQMbUeS47GlHkM7/aXSf3ewg779GWCw9Ygy4nadyQRnu2gLZDv+UVU6kodf7pnkVod0BeRb4fVjTAJ9EF3TtHPbGJ9TKruo=
gX70DXyNEvs9bVgrwTuh0fqWmuTT9mkpU7qcfoHrixGDigcd87eiQVU7R1/EYVsbeycDmQFdGTtZUJUQkZg5Yfbol1R7EfiX34a82b307NyzxeRQxQOoB3vzkH+Pyrqyp5fu7RObX09Db+gWNcbeWtsouV5j86j2/iI8+Paa3L4CLxKovv+u0Q==
SEzJGC+3vSPAFZmB3YuvoZjw07PMFvHARb/JKCwcAJbS56n5q0OgU4mfqy1bTtexWyoj3e2ft5MMVTtnYyMTdemJWWchNCWcGWyZ3a6sx3hTBfiL56LMlfVADCArQXQ8rVdo24MXoHOHvpqOf1M+QbsP39P7yxja/fK+JsMsqbKLJ+iqhkaMdH5ufAJaa0KEluuuzQ==
qYbF2D7BhjBE0auADJEj25jw07PMFvHARb/JKCwcAJbS9qH3rUyhAYmfqy1bTtexWysj3e2ft5MMVTtnYyMTdemJWWchNCWcGWyZ3a6sx3hTBfiL56LMlfVADCArQXQ8rVdo24MXoHOHvpqOf1M+QbsP39P7yxja/fK+JsMsqbKLJ+iqhkaMdH5ufAJaa0KEluuuzQ==
KXC6P6d0cz5ZcTqbrrbNZUpsm8k0MnPJcaIVEOoT2BPEWFZyRVMAKt+951Oy3wXi6a/rKRNU86kU6RbrUmOWJc8jHhF9w87r9ptUviiD7M1yV6rzjElE141ZK5vB8YZwTdN3efC4+EErQPKnndQLJXCQA9fymFgVTnykpbOSdUESiq4xmn8APeJ03Q/Pxm0tvS0tUeK4ybC/sAM8g9SZxMqWy/zerv4=
fvBIPUiRVhuA1repB/mneD95bBOHbXvHNGeljpyd+xJWXydBmJmqE2YDgj3Tc1K5iEO6QzpLSKY8Y9i1zqcmm9iJkP+BadejtVES6NGDu5HEuMyp5xBuPwl0fx2MoA//JlgMfcKMGN2HcmFZDlpime7/9JWuJMEX26ZZ1QFdobk2+J2Ys4B/BHd0DVxWRoeU6q7K
xGBO6sT51b6mtIObgpNfRZt8EzlJiNpXaeKd+KK6zj7ZMor8n4fOjoJEIgkKSM4APdOl4Zs3X3ivk4fgY5e5OV8hgMurncd1S7cVpzkNFTItjnVSaQfq2n+az4t4AXNEZOe5ntwaT1dsPpE5SPF30eghK0AqFPvlxuPnQR8ZL+1w6PHsrlzn+nHw94kIQDLABOaS0AxYnp165orlrsc=
vJmXePvIDYpcO4bNb89LBdmy4vCWG/HATb3fOngOA8bSouSw/w31AYmfqy1bTtexWy8j3e2ft5MMVTtnYyMTdemJWWchNCWcGWyZ3a6sx3hTBfiL56LMlfVADCArQXQ8rVdo24MXoHOHvpqOf1M+QbsP39P7yxja/fK+JsMsqbKLJ+iqhkaMdH5ufAJaa0KEluuuzQ==
kNuH0qEcADXMYbCD2UfnKXM8LEjZbXvMK3ei3JWOtRNcFCdBmJmqE2YDgj3Tc1K5jUO6QzpLSKY8Y9i1zqcmm9iJkP+BadejtVES6NGDu5HEuMyp5xBuPwl0fx2MoA//JlgMfcKMGN2HcmFZDlpime7/9JWuJMEX26ZZ1QFdobk2+J2Ys4B/BHd0DVxWRoeU6q7K
5L56K6xdbSQ1A3gcmenjLraxfxARuJ6E5dGShGdro0Muw0rN+1NKyZFCorMia2DWdCMQZSYHngugCShveYl/8/0RWtg5Y6Oh3LjUmf/whg9BNDdNJED3b57YdO16LPANTzIpKSZ6emn2/+zltgTp5xNmEYVp/RkpznglCMvg19S/tMVsPiafpPKu0g==
h2tRRTEcHny9LUUgbsvh+T9jYB6FLDKPK3D8g9DCpEBURmZBmJmqE2YDgj3Tc1K5j0K6QzpLSKY8Y9i1zqcmm9iJkP+BadejtVES6NGDu5HEuMyp5xBuPwl0fx2MoA//JlgMfcKMGN2HcmFZDlpime7/9JWuJMEX26ZZ1QFdobk2+J2Ys4B/BHd0DVxWRoeU6q7K
R1S08rqljw4t6bWVtsAS1my9kuzZooEFO6IPKnUzMo/IoT3zjtyGojd5IdtIZXeHlEeGwOnEwoU243FJlmX+kno1fKSANx8yEqeViVufL+AP61fKYr5pQf+58GNr9fdtK4/Fz7nlRQrNlkW6Ka8aQt9in6N4KSO8xH9JNpzyf0+MBsHRyJmn6Yg5GyjqvIt9Zps3aR8x/5XQcIFEbjTX4hHIJ+GIqGL45P6iOEzwbgXaHtrNru8=
FOANd2xVDrGDzHsjE9Bw6dKRgmwZCUSN0CM/s8ejz57vRm9R9o48+uq1ci1MbuCBk1CqafGzS/kTMmdVw66iaAVD59c0uRtzax/jUbHFmZOJqLUY4cD5iWZQ9xxLCfi/j/4cUU0srLSj/QSYdZsor6sLsHf/knpaNy+OpSODX2cTF0iexR6eMssQWZbTayheLtoc8IbCHFaSl3Lgjueu+Q==
IyxL/OHl+WRjVB+XfVLmwnsA44Oa3VK4QVWkqbgPz4e/n8+a50p/Re6SHJ7CWUJZdJKgxVuc+j0pbytd+54X4TsSIuyNz3dDrCW7l8NzU6UJuVlXweRlzLmcGa0OfAcoMzX4u4fyDEVVMIzQixE07E1naOtjx+AjJ04a/t+D/hHbP9/jm5vYCl2CPtZjfOliaxfommaWzCTenvxy+ruC1Pbbrv0=
ka2t4cWX4J+NHH84EmCSRcXpnBU86G7GJdfaHNAyhFMCMRhPG2XJ+8ho7ZQXWMLO7AolMFTJD05An4CzxBE1a0TVtYINL6zTrgp6Uz65yL/wV27pJnMXMZFvU2EUxDdb7f1yOHrFsciIEw9EmdHK+JlzkDi6sRSUHtFhQif16ML09Vg/wvm4PCc7nRa/WYfFd3UAmKuUpdg5yJHEi/CwntH43K78
WD4WEi5F5MDzP8d5piek7EsrWu6Jrn7jOpJdQ5RbjAHXnbOZz5jjVHdP0mQMjNZ3OmOYtIAnf+LS13U522+PUM+7d9RirkkRPwlQk+tFFx3rX6XfufWlWo1mJQqp37ryn7K/s3g5A2yEz+lGHEIfv8xWIcHIicc5SEn7mGpMK82myxd5HyHfxRDAIbTuhDeS0RhH8Yi4gqikDsKIzIDOtZrO+t2u/w==
PHDJORdMfz9OOtKoyDZ76z95bBOHbXvPNnG32pGU5UBWWW4V1szYE2YDgj3Tc1K5gkG7QzpLSKY8Y9i1zqcmm9iJkP+BadejtVES6NGDu5HEuMyp5xBuPwl0fx2MoA//JlgMfcKMGN2HcmFZDlpime7/9JWuJMEX26ZZ1QFdobk2+J2Ys4B/BHd0DVxWRoeU6q7K
VQiMAq909rQm6tnz3aacGLb6gAu7lBxS8yxXHhcocsXQlZZzSLu9zfsbh7Qf/x9p5RUhVe/tWOfLsd95e9tNa/nBTV6dAu3+CasyFk/214d4DWsoVCthMry219vcUsn1iD0vvdgtM2xKOCMpdo9/zZ+Vt4HAJCnAznD/9kGcr0XIjGqstGoKfGz0RlFKipLprss=
AXoBCvSf37BmccsGWyb+hOaMhJGU248DHdu12dtPz/BPW7f+ZYGJ8b+pELPrpdd9a/9lP7mV5foNhmVqqf96Uh/S/5N4GUMMBG8pZhwiX19M9mGhyGkHmcgpO3hqbGttJivXWR8BHyWQYGGU7mT38lG4hxGI2MIIJO6C6MygDhUarrr9rt8=
7baha50QDWGVnWlgTpXo9AMWESd+Ja6BTN+gsyRRVevkFV6FYm8MU07KGlMeeSg/kBdO6cazt7Exr7NhNISX2w09UjhaBVFIKFMvRHkRang5s3A4mvF0FP4RQUJHNQhCVLU4PyI5GLxHe30WnxnnRZe1IJjL1AVYmYjxxKswEB6xuPyu3A==
zIjdQH7EU7Yhwwa4uWhHC+SMhICWzYsDHdu12dtPz/BPW7f4ZYGJ8b+pELPrpdd9a/9lP7mV5foNhmVqqf96Uh/S/5N4GUMMBG8pZhwiX19M9mGhyGkHmcgpO3hqbGttJivXWR8BHyWQYGGU7mT38lG4hxGI2MIIJO6C6MygDhUarrr9rt8=
d+w31RVy2Tfv4+02HNZPwAMWFzFiOK6BTN+gsyRRVevkFViFYm8MU07KGlMeeSg/kBdO6cazt7Exr7NhNISX2w09UjhaBVFIKFMvRHkRang5s3A4mvF0FP4RQUJHNQhCVLU4PyI5GLxHe30WnxnnRZe1IJjL1AVYmYjxxKswEB6xuPyu3A==
sx7FLt0X2K/O9u8b/ds05AMWFidwPa6BTN+gsyRRVevkFVuFYm8MU07KGlMeeSg/kBdO6cazt7Exr7NhNISX2w09UjhaBVFIKFMvRHkRang5s3A4mvF0FP4RQUJHNQhCVLU4PyI5GLxHe30WnxnnRZe1IJjL1AVYmYjxxKswEB6xuPyu3A==
lJxzZaj2/DFrsNwutxan8Xaba0Imdm8e9jQZMw5XlYS9amlbBBGxzgt7lkvC42aFv+PuMQfAMcuG26QeWAN8bSIXetOcSVQ33Rn7e1FxNpD9k0eZwLjIoRsAQkctVJvFoNBTN+KYSDWePPQFIxIF4eLK3hFqf3AdErStrz9G/Y1t5Hxx8rjZ0G9wU1wTVCmkelb7nO6uzg==
B7WALdMLeYJkfJt1oiiSxe0sYlgHjnKlxWdoLaRHBjwjLEZ/0O7QUhTxIj3J+4XnTV1jMykNibP2gzJdY7OCmf9BRWNqC/hGjONIFR7nVrvIiYCfsakHwyXR4kihw2tx9Lj8STdQHp/59O99XGA/nzZYHF2yzMh9F/LRub4aMrke/4S1fuRxd2smyXVRlFCZJviNeIPAL+Tn9H38pobX9Nqu+g==
64gSIGDACkRJuctlZVAtU41ZJSxj31pC5NoHNLGFyF/ZbZxRNnLU8uc07CJbfE5jJ9jVpOneuaNHWm6+z9l7N/4oiaHuurVgQXpsS2mGlZD9JBzw14VQHlz5KYEEycxnFTmDS7kxXgBl8w9p+LjwUVNg2tdFFHP12PCbZ3oY0GXW3Mx1C9KtcXpqliGSfwgt2hQ1P5cG1X1VhLShajhBACdQq2x7lME04rYz7Nau9g==
64gSIGDACkRJuctlZVAtU41ZJSxj31pC5NoHNLGFyF/ZbZxRNnLU8uc07CJbfE5jJ9jVpOneuaNHWm6+z9l7N/4oiaHuurVgQXpsS2mGlZD9JBzw14VQHlz5KYEEycxnFTmDS7kxXgBl8w9p+LjwUVNg2tdFFHP12PCbZ3oY0GXW3Mx1C9KtcXpqliGSfwgt2hQ1P5cG1X1VhLShajhBACdQq2x7lME04rYz7Nau9g==
TqVKyFwZJsW1GMvJyyR/iDs6mtPuN67597rLVeM1pFPbLF98/ME8gxqi/ITqQjp8u/GQDi2q+DMc6Er9UrzJBxZy0SFr4ZzLa2kp6h4NJlSCl+PXK66cWDvE3F8yfEmAIpEReBZzRBmPFzpavXcqDK9l1OYgCUWJYAlo77mJv3O9EZpY+WPjIRy4FBm/8EaPgTR3zeRAN+/e2LRtuiywjY8y6almerrpNv+sZfYEKWdTZlEFqfZYqY545YiL4JdUf7SF7H4mXySyrpI=
100y9yAP62vxAY4wy7bev01kh+SoUgCTvkClJA54oSeYhWpZKy+zQpHNhZx0qh7H3T2dJcIB3qmWQ9oMeRWchkaJ/dOYp9dBuMAxMQoEYzAd/XX06bRQffl/ElX/xuUkoo121JQRlUGY4BalCaTaba8FR3A3B0C+YxNqWC2RNEul9AfvucUF6k12BVopj1riX8Jfw3hJ4xxE3wkWnBI/rwzmgfHIuWeJCFnbSOqcS93mO3eJH9G/NVDQQWRuVBeCmqnnwYiIIhhkHuLYTNAupVq+Gq2ujw==
bzEAWLbBIC40MqweuWW6DzI1PeJlXyNlbwD8RQYuGm78hFtKTlg4/ZmcZHgomuH8IVF2qLN3wwf3l8hjasIWc9KxzK8UjzKp+quzoRXn/wG4DHMryQVOOEY9lbjM26MkNVlOaD2rTHjmafCEGtmNYks9LHKQTaS/vkFcjGNzcTbTUYPeEi3cWPfMAUi9QD0kJ7h0bvWA4K7A
Z+c0zS8XP8oCfeNSsAKrsVjgju6s7oV3+ZW8r5ZbIjrulbKFjcZSnbRr2KQ09mcH/JiG7meYqSF/WbADa9W3zasvhS+5hYWqTTaFmilP2iJfgt+DeAljXEQfidac0r/vDKYBsch550kImVsI6tzLneb790kfET/1UJDBJG4Ul0KaaWcBiMiiWGReYhhMEK5lWv6a7a7P
38xERfv52QMDlI+/dWrJpbJ7OCEcdigcIYxETcSvz14wdqMqZqTTwAf7PRZfmadOVjVgmAtURVjZCDHE67DQHvE4PK4c
e4OfVr+7Tl1Y7tZx0Ag8uNqVjmQcPReX3h5wo93qrJy8fFN/x5sv6OnwNDJaLaqBm0ShSpzqG98nH30sxfH4NllD/sZ5pF13aFntSrPFmZOJqLUY4cD5iWZQ9xxLCfi/j/4cUU0srLSj/QSYdZsor6sLsHf/knpaNy+OpSODX2cTF0iexR6eMssQUpfTayheLtoc8IbCHFaSl3Lgjueu+Q==
wfBPwGHKjvmjL2qyLymt3u9G837/Zok4M5eOMbM5DmC2n3mD1RfQOQ+axhnDtZmDuI8L3sfbYYM0McE1SyEObSmzbJBRTX5O5JgyNuaGBC0fSGieO2FYgEqvD6sW2YXfLCL8c0tJxtFqN2KjNMk8B8V5M+spsS7gNTM/Sei44HFjoIo3NZTjVWiwSweKGOBFhhy8lZtSHdGqKmZBgn8YzarUZZ8nhkUdpcdkgVo4MeB3kBvM6xQxVDL2A8zGruY=
Hrlc3+uL91trQNbJk0UjrkcCq/gKaXrFsNUj8l6uAKq1qARhs+sGcwPIQW0KSZTl3HgRHC5sx2o7gZfZCJDSMMR2suCMKP4NOtYqNa4X
Ur+uQ4wnvq6LQ8b6x9S1hSTNiSLD5x3KpPwDjPijf1qjNifShNraDSgYDF3L3ufx5nB5u03rsaG8TxjA0u+1kf0wcmmQIEqrnsQUtnWm3jqbiDP/oxOoFj6CvFi2+tzeQo+SCH4frjE=
+S28VLUY8fco3biA1Db1ypeSluGwJCyyt8gk5gSq/NacW31bn1oVGkxq28iYjZmvKCxLNeaDFGHwznzMFeSY7bgHGy4Ers+qivznMFNTwbYDcZMfgo0MWCcskYitoO2k11iErgVgEK4w
mQOB9jJ96C0sDeF0koKkjMAFn2FFrSELs7IhGniC95jEVU0PXJS3hYorwKGkplA8KZysDWxfR/7oBrsqflSLYI+LldY3ia9vrmXYGHOEfTjRGBkEgwBYfikIJK4E
FC3JLto3xU8XGK3CqTwjcDOnjxSM7qoga1gVe4dKHRpEesPo8L1hb3B849Ve85zheH4EbP00wK2A9zNOHL7HqoLs/9B7I/l22yH7v3o9hNiv3CnoBXA15K9obI4dcBiuOA==
9tV1vthmzBwIywxb9TOPJBqUoDG93Is6XFgVe4dKHRpEesPo8L1hb3B849Ve85zheH4EbP00wK2A9zNOHL7HqoLs/9B7I/l22yH7v3o9hNiv3CnoBXA15K9obI4dcBiuOA==
g+Ovp1bCraQrf+rjag3xNTX4NIEU8NMGq4M5NqOa+gZ9EE7B35/OAF0t4I8iAcYCupRDSH5dPouNtqLCeWq8kMEoRV/HhuVdxUdEQbo4kaAXEDsMCxSRFFJ2IwwmrgY=
GP5+Vr1Zirz9PQOrt4Rzc41ZJSxj31pC5NoHNLGFyF/ZbZxRNnLU8uc07CJbfE5jJ9jVpOneuaNHWm6+z9l7N/4oiaHuurVgQXpsS2mGlZD9JBzw14VQHlz5KYEEycxnFTmDS7kxXgBl8w9p+LjwUVNg2tdFFHP12PCbZ3oY0GXW3Mx1C9KtcXpqliGSfwgt2hQ1P5cG1X1Vh7ShajhBACdQq2x7lME04rYz7Nau9g==
eEGUm0DG5z/w8G5f7j6Y6T0yKF+CEo71CFcZQd+q8mwyNevWMBJuaTljQq4Pp/u9WneTHuyeowNVgczHwQwj0bW7PKUPwjW2Chx8Fs1a4ScFWqBC8RgwnEZZ3JUtoARCQp4EbWXuXEs7rsSFXOBQh/Ejm8IE/Hnk3ntolPP08EEDTOw73p0tVxhepz/QuD21BpIa4R8t4qkqy6PhhYcvgUhsg2s5Zb44tl1l+Dy7U6TlOd4oLcuceDbJ4MSK+V3iex2cMqDtFL8O4WxM01NBtoNxEx8CjYxYpywRiC2gbaRXWASuhWCQrrA=
0h45OXIzld1OxdznJQscIx6xsbMxk8X0llc8/2MlUXl3fXP9THkp7egC7kp9dG9cOznVK8yPX5l6b5jR7tgLXY3RMOF3Xdar/t+yqPwGz7wwO+4Mtq/s98tPIVg2k7rLBI/R6HDTy7osRwHZZtcPaKngTplyxnRPyZsAZoJH2er2h6dzY4L3efxE23Xemh3/OEGNosM9GVuZcBUw0Xg5gbbIF3S7cfj3H6Y8+f0U7Dzz5WRwBWOoZ7vTEF/PKrpS57duzdP7Xy+DT2g2dSbeupsIM3+jk6iWPgK82LZ63F5CD5KIfp+usQ==
5cNsBeH1PNTr7sFI8V073S50e4CMDQdKIBEjEWTHTdwN+8YNj8eatjeE0YFmmsgs6z3UgwpVbYZuGTAXn2EVfCFSd/W5+3NNG+4kBTwgcIfR4zBH47wZ5P47yBSTtBBBY4xMu35dTVf4Hge/cPjdtWZS+mG/7cKpygvDYSXHD4FoLGPrWaWeOJadBXjc+3OkxXl+qE0LfHgWCUBEajk94ptdPLIArfS/biHMzHOTIbZjMXOfos2sWMds8QiNYE2kd5hkLmUgsK6Q
3kyRSQqGkepY1Pr7y52KyIaz72uldUfwtbBJ8foStx5ApPrEmjFPg88H3/DyLH65Y/MfM5DjojTcNLcs+v1HIbnf6b5VVrR2kddtEdNrYim4jAPSNR6nliHHVyVMkWed2ZZy6eod+K35lmTZy7wgNRn2lgIhHvUrh0fGrBTpJQm46Ab9SXxK5c/Nt0g3P7B2A5v6gG3JJEOFvLcXOb21Im1+FYLp18pqv4ov+3hxk1SkV5lOXMovpywuMYlIQdfBKFHLEKpE21WG84exH+lP/TBY0bwuDAeKu+FXOQjwktBEFvIAjIi+Lbr2apWutw==
4IsiZ5dZYClPaeYRduTOTYaz72uldUfwtbBJ8foStx5ApPrEmjFPg88H3/DyLH65Y/MfM5DjojTbNrcs+v1HIbnf6L5VVrR2kddtEdNrYim4jAPSNR6nliHHVyVMkWed2ZZy6eod+K35lmTZy7wgNRn2lgIhHvUrh0fGrBTpJQm46Ab9SXxK5c/Nt0g3P7B2A5v6gG3JJEOFvLcXOb21Im1+FYLp18pqv4ov+3hxk1SkV5lOXMovpywuMYlIQdfBKFHLEKpE21WG84exH+lP/TBY0bwuDAeKu+FXOQjwktBEFvIAjIi+Lbr2apWutw==
jSWj5DbwnrbshcTZl7tj8Yaz72uldUfwtbBJ8foStx5ApPrEmjFPg88H3/DyLH65Y/MfM5DjojTcNLcs+v1HIbnf575VVrR2kddtEdNrYim4jAPSNR6nliHHVyVMkWed2ZZy6eod+K35lmTZy7wgNRn2lgIhHvUrh0fGrBTpJQm46Ab9SXxK5c/Nt0g3P7B2A5v6gG3JJEOFvLcXOb21Im1+FYLp18pqv4ov+3hxk1SkV5lOXMovpywuMYlIQdfBKFHLEKpE21WG84exH+lP/TBY0bwuDAeKu+FXOQjwktBEFvIAjIi+Lbr2apWutw==
UVtWbHgZiCRckCfqPhIiaIaz72uldUfwtbBJ8foStx5ApPrEmjFPg88H3/DyLH65Y/MfM5DjojTbNrcs+v1HIbnf5r5VVrR2kddtEdNrYim4jAPSNR6nliHHVyVMkWed2ZZy6eod+K35lmTZy7wgNRn2lgIhHvUrh0fGrBTpJQm46Ab9SXxK5c/Nt0g3P7B2A5v6gG3JJEOFvLcXOb21Im1+FYLp18pqv4ov+3hxk1SkV5lOXMovpywuMYlIQdfBKFHLEKpE21WG84exH+lP/TBY0bwuDAeKu+FXOQjwktBEFvIAjIi+Lbr2apWutw==
36GtPYTEaSdEYZBEc4Wq94az72uldUfwtbBJ8foStx5ApPrEmjFPg88H3/DyLH65Y/MfM5DjojTcNLcs+v1HIbnf5b5VVrR2kddtEdNrYim4jAPSNR6nliHHVyVMkWed2ZZy6eod+K35lmTZy7wgNRn2lgIhHvUrh0fGrBTpJQm46Ab9SXxK5c/Nt0g3P7B2A5v6gG3JJEOFvLcXOb21Im1+FYLp18pqv4ov+3hxk1SkV5lOXMovpywuMYlIQdfBKFHLEKpE21WG84exH+lP/TBY0bwuDAeKu+FXOQjwktBEFvIAjIi+Lbr2apWutw==
V0dY4RRo0yZg4chUeILgvIaz72uldUfwtbBJ8foStx5ApPrEmjFPg88H3/DyLH65Y/MfM5DjojTbNrcs+v1HIbnf5L5VVrR2kddtEdNrYim4jAPSNR6nliHHVyVMkWed2ZZy6eod+K35lmTZy7wgNRn2lgIhHvUrh0fGrBTpJQm46Ab9SXxK5c/Nt0g3P7B2A5v6gG3JJEOFvLcXOb21Im1+FYLp18pqv4ov+3hxk1SkV5lOXMovpywuMYlIQdfBKFHLEKpE21WG84exH+lP/TBY0bwuDAeKu+FXOQjwktBEFvIAjIi+Lbr2apWutw==
k95ugq+YC5/Z93aLqkZtl4az72uldUfwtbBJ8foStx5ApPrEmjFPg88H3/DyLH65Y/MfM5DjojTcNLcs+v1HIbnf475VVrR2kddtEdNrYim4jAPSNR6nliHHVyVMkWed2ZZy6eod+K35lmTZy7wgNRn2lgIhHvUrh0fGrBTpJQm46Ab9SXxK5c/Nt0g3P7B2A5v6gG3JJEOFvLcXOb21Im1+FYLp18pqv4ov+3hxk1SkV5lOXMovpywuMYlIQdfBKFHLEKpE21WG84exH+lP/TBY0bwuDAeKu+FXOQjwktBEFvIAjIi+Lbr2apWutw==
1RYYjwyUb4fWlQ5LKDehO4az72uldUfwtbBJ8foStx5ApPrEmjFPg88H3/DyLH65Y/MfM5DjojTbNrcs+v1HIbnf4r5VVrR2kddtEdNrYim4jAPSNR6nliHHVyVMkWed2ZZy6eod+K35lmTZy7wgNRn2lgIhHvUrh0fGrBTpJQm46Ab9SXxK5c/Nt0g3P7B2A5v6gG3JJEOFvLcXOb21Im1+FYLp18pqv4ov+3hxk1SkV5lOXMovpywuMYlIQdfBKFHLEKpE21WG84exH+lP/TBY0bwuDAeKu+FXOQjwktBEFvIAjIi+Lbr2apWutw==
fm8y22Ez/COLvS5pnQoYRoaz72uldUfwtbBJ8foStx5ApPrEmjFPg88H3/DyLH65Y/MfM5DjojTcNLcs+v1HIbnf4b5VVrR2kddtEdNrYim4jAPSNR6nliHHVyVMkWed2ZZy6eod+K35lmTZy7wgNRn2lgIhHvUrh0fGrBTpJQm46Ab9SXxK5c/Nt0g3P7B2A5v6gG3JJEOFvLcXOb21Im1+FYLp18pqv4ov+3hxk1SkV5lOXMovpywuMYlIQdfBKFHLEKpE21WG84exH+lP/TBY0bwuDAeKu+FXOQjwktBEFvIAjIi+Lbr2apWutw==
M6BNyM1IPTyRaQDp7huUyYaz72uldUfwtbBJ8foStx5ApPrEmjFPg88H3/DyLH65Y/MfM5DjojTbNrcs+v1HIbnf4L5VVrR2kddtEdNrYim4jAPSNR6nliHHVyVMkWed2ZZy6eod+K35lmTZy7wgNRn2lgIhHvUrh0fGrBTpJQm46Ab9SXxK5c/Nt0g3P7B2A5v6gG3JJEOFvLcXOb21Im1+FYLp18pqv4ov+3hxk1SkV5lOXMovpywuMYlIQdfBKFHLEKpE21WG84exH+lP/TBY0bwuDAeKu+FXOQjwktBEFvIAjIi+Lbr2apWutw==
55nlhQejBx6+/Bv23UEii4az72uldUfwtbBJ8foStx5ApPrEmjFPg88H3/DyLH65Y/MfM5DjojTcNLcs+v1HIbnf6b9VVrR2kddtEdNrYim4jAPSNR6nliHHVyVMkWed2ZZy6eod+K35lmTZy7wgNRn2lgIhHvUrh0fGrBTpJQm46Ab9SXxK5c/Nt0g3P7B2A5v6gG3JJEOFvLcXOb21Im1+FYLp18pqv4ov+3hxk1SkV5lOXMovpywuMYlIQdfBKFHLEKpE21WG84exH+lP/TBY0bwuDAeKu+FXOQjwktBEFvIAjIi+Lbr2apWutw==
4dE++AyZXPxTcQSwRnE/Eoaz72uldUfwtbBJ8foStx5ApPrEmjFPg88H3/DyLH65Y/MfM5DjojTbNrcs+v1HIbnf6L9VVrR2kddtEdNrYim4jAPSNR6nliHHVyVMkWed2ZZy6eod+K35lmTZy7wgNRn2lgIhHvUrh0fGrBTpJQm46Ab9SXxK5c/Nt0g3P7B2A5v6gG3JJEOFvLcXOb21Im1+FYLp18pqv4ov+3hxk1SkV5lOXMovpywuMYlIQdfBKFHLEKpE21WG84exH+lP/TBY0bwuDAeKu+FXOQjwktBEFvIAjIi+Lbr2apWutw==
PbP8BWIVOtZxKKXWPLS+I4az72uldUfwtbBJ8foStx5ApPrEmjFPg88H3/DyLH65Y/MfM5DjojTcNLcs+v1HIbnf579VVrR2kddtEdNrYim4jAPSNR6nliHHVyVMkWed2ZZy6eod+K35lmTZy7wgNRn2lgIhHvUrh0fGrBTpJQm46Ab9SXxK5c/Nt0g3P7B2A5v6gG3JJEOFvLcXOb21Im1+FYLp18pqv4ov+3hxk1SkV5lOXMovpywuMYlIQdfBKFHLEKpE21WG84exH+lP/TBY0bwuDAeKu+FXOQjwktBEFvIAjIi+Lbr2apWutw==
zn0SkgKd8vJB73s+pIlAuIaz72uldUfwtbBJ8foStx5ApPrEmjFPg88H3/DyLH65Y/MfM5DjojTbNrcs+v1HIbnf5r9VVrR2kddtEdNrYim4jAPSNR6nliHHVyVMkWed2ZZy6eod+K35lmTZy7wgNRn2lgIhHvUrh0fGrBTpJQm46Ab9SXxK5c/Nt0g3P7B2A5v6gG3JJEOFvLcXOb21Im1+FYLp18pqv4ov+3hxk1SkV5lOXMovpywuMYlIQdfBKFHLEKpE21WG84exH+lP/TBY0bwuDAeKu+FXOQjwktBEFvIAjIi+Lbr2apWutw==
XzfnvBkaJMc7E2A2qLo5kJIUQepHrc1fW6mqvhHsTW0V10Qz6Me1J5xkA0QQJp5BLPGxDnSIrNO7/tg6INYeBK6It3uDCcDyq+3tBfE8u81tSoTxFWe56zUUgX6XI9vbf7nZ6NzmVJAXAbxNkUvPyYx9f5HpuiqlipFgAUlavDXLUPj5qVsagV9SrQ62S95A1AW9hQhEXrEpcFLJ/wFvpLfTaLozt+KMDYV87zUwL/v5Ua0uXVJNzolbUsYPRvcXeJ1LmBT7AcI8hneLHCIpZYitT02Y/ZNcykjDebY/X12fBZcxAHTJsE5AXyYLbc/VyByK3HQ6qkzsBCaBCjqyea5b
utuOyDowKrDNxggVqM9x/4az72uldUfwtbBJ8foStx5ApPrEmjFPg88H3/DyLH65Y/MfM5DjojTbNrcs+v1HIbnf5b9VVrR2kddtEdNrYim4jAPSNR6nliHHVyVMkWed2ZZy6eod+K35lmTZy7wgNRn2lgIhHvUrh0fGrBTpJQm46Ab9SXxK5c/Nt0g3P7B2A5v6gG3JJEOFvLcXOb21Im1+FYLp18pqv4ov+3hxk1SkV5lOXMovpywuMYlIQdfBKFHLEKpE21WG84exH+lP/TBY0bwuDAeKu+FXOQjwktBEFvIAjIi+Lbr2apWutw==
do5DQRSre/3+urbT9Q8Sf35x2AdY1YmoInzBn8SUzyHTyl2mA1jxjZ6m0/YDoQXrvqXr0T/B6ScWYSVK9g3odbEvTanPRzf20FmUcY9Hqmdjs1I91/jzSpt/ePYKzeZ5SjzcrV4dX8S+krhaNgUH2kZLIZqm7W4kqldLR+lKhgjjRIQPKlwBEMpReUje0zypdxdC6kXXYjxHJbx26CldWbiJMD+h6ffjFVGyqDEDW9EkuCzpB5COf6l0312sIC8/hlhsvaIMeB3ncgGZLtpCWU7/VNWOpOFXO6a5leHXQPnW+D3YkwBfxNd0rZw2xudUiq6q
XzfnvBkaJMc7E2A2qLo5kJIUQepHrc1fW6mqvhHsTW0V10Qz6Me1J5xkA0QQJp5BLPGxDnSIrNO7/tg6INYeBK6It3uDCcDyq+3tBfE8u81tSoTxFWe56zUUgX6XI9vbf7nZ6NzmVJAXAbxNkUvPyYx9f5HpuiqlipFgAUlavDXLUPj5qVsagV9SrQ62S95A1AW9hQhEXrEpcFLJ/wFvpLfTaLozt+KMDYV87zUwL/v5Ua0uXVJNzolbUsYPRvcXeJ1LmBT7AcI8hneLHCIpZYitT02Y/ZNcykjDebY/X12fBZcxAHTJsE5AXyYLbc/VyByK3HQ6qkzsBCaBCjqyea5b
do5DQRSre/3+urbT9Q8Sf35x2AdY1YmoInzBn8SUzyHTyl2mA1jxjZ6m0/YDoQXrvqXr0T/B6ScWYSVK9g3odbEvTanPRzf20FmUcY9Hqmdjs1I91/jzSpt/ePYKzeZ5SjzcrV4dX8S+krhaNgUH2kZLIZqm7W4kqldLR+lKhgjjRIQPKlwBEMpReUje0zypdxdC6kXXYjxHJbx26CldWbiJMD+h6ffjFVGyqDEDW9EkuCzpB5COf6l0312sIC8/hlhsvaIMeB3ncgGZLtpCWU7/VNWOpOFXO6a5leHXQPnW+D3YkwBfxNd0rZw2xudUiq6q
XzfnvBkaJMc7E2A2qLo5kJIUQepHrc1fW6mqvhHsTW0V10Qz6Me1J5xkA0QQJp5BLPGxDnSIrNO7/tg6INYeBK6It3uDCcDyq+3tBfE8u81tSoTxFWe56zUUgX6XI9vbf7nZ6NzmVJAXAbxNkUvPyYx9f5HpuiqlipFgAUlavDXLUPj5qVsagV9SrQ62S95A1AW9hQhEXrEpcFLJ/wFvpLfTaLozt+KMDYV87zUwL/v5Ua0uXVJNzolbUsYPRvcXeJ1LmBT7AcI8hneLHCIpZYitT02Y/ZNcykjDebY/X12fBZcxAHTJsE5AXyYLbc/VyByK3HQ6qkzsBCaBCjqyea5b
do5DQRSre/3+urbT9Q8Sf35x2AdY1YmoInzBn8SUzyHTyl2mA1jxjZ6m0/YDoQXrvqXr0T/B6ScWYSVK9g3odbEvTanPRzf20FmUcY9Hqmdjs1I91/jzSpt/ePYKzeZ5SjzcrV4dX8S+krhaNgUH2kZLIZqm7W4kqldLR+lKhgjjRIQPKlwBEMpReUje0zypdxdC6kXXYjxHJbx26CldWbiJMD+h6ffjFVGyqDEDW9EkuCzpB5COf6l0312sIC8/hlhsvaIMeB3ncgGZLtpCWU7/VNWOpOFXO6a5leHXQPnW+D3YkwBfxNd0rZw2xudUiq6q
XzfnvBkaJMc7E2A2qLo5kJIUQepHrc1fW6mqvhHsTW0V10Qz6Me1J5xkA0QQJp5BLPGxDnSIrNO7/tg6INYeBK6It3uDCcDyq+3tBfE8u81tSoTxFWe56zUUgX6XI9vbf7nZ6NzmVJAXAbxNkUvPyYx9f5HpuiqlipFgAUlavDXLUPj5qVsagV9SrQ62S95A1AW9hQhEXrEpcFLJ/wFvpLfTaLozt+KMDYV87zUwL/v5Ua0uXVJNzolbUsYPRvcXeJ1LmBT7AcI8hneLHCIpZYitT02Y/ZNcykjDebY/X12fBZcxAHTJsE5AXyYLbc/VyByK3HQ6qkzsBCaBCjqyea5b
do5DQRSre/3+urbT9Q8Sf35x2AdY1YmoInzBn8SUzyHTyl2mA1jxjZ6m0/YDoQXrvqXr0T/B6ScWYSVK9g3odbEvTanPRzf20FmUcY9Hqmdjs1I91/jzSpt/ePYKzeZ5SjzcrV4dX8S+krhaNgUH2kZLIZqm7W4kqldLR+lKhgjjRIQPKlwBEMpReUje0zypdxdC6kXXYjxHJbx26CldWbiJMD+h6ffjFVGyqDEDW9EkuCzpB5COf6l0312sIC8/hlhsvaIMeB3ncgGZLtpCWU7/VNWOpOFXO6a5leHXQPnW+D3YkwBfxNd0rZw2xudUiq6q
XzfnvBkaJMc7E2A2qLo5kJIUQepHrc1fW6mqvhHsTW0V10Qz6Me1J5xkA0QQJp5BLPGxDnSIrNO7/tg6INYeBK6It3uDCcDyq+3tBfE8u81tSoTxFWe56zUUgX6XI9vbf7nZ6NzmVJAXAbxNkUvPyYx9f5HpuiqlipFgAUlavDXLUPj5qVsagV9SrQ62S95A1AW9hQhEXrEpcFLJ/wFvpLfTaLozt+KMDYV87zUwL/v5Ua0uXVJNzolbUsYPRvcXeJ1LmBT7AcI8hneLHCIpZYitT02Y/ZNcykjDebY/X12fBZcxAHTJsE5AXyYLbc/VyByK3HQ6qkzsBCaBCjqyea5b
do5DQRSre/3+urbT9Q8Sf35x2AdY1YmoInzBn8SUzyHTyl2mA1jxjZ6m0/YDoQXrvqXr0T/B6ScWYSVK9g3odbEvTanPRzf20FmUcY9Hqmdjs1I91/jzSpt/ePYKzeZ5SjzcrV4dX8S+krhaNgUH2kZLIZqm7W4kqldLR+lKhgjjRIQPKlwBEMpReUje0zypdxdC6kXXYjxHJbx26CldWbiJMD+h6ffjFVGyqDEDW9EkuCzpB5COf6l0312sIC8/hlhsvaIMeB3ncgGZLtpCWU7/VNWOpOFXO6a5leHXQPnW+D3YkwBfxNd0rZw2xudUiq6q
XzfnvBkaJMc7E2A2qLo5kJIUQepHrc1fW6mqvhHsTW0V10Qz6Me1J5xkA0QQJp5BLPGxDnSIrNO7/tg6INYeBK6It3uDCcDyq+3tBfE8u81tSoTxFWe56zUUgX6XI9vbf7nZ6NzmVJAXAbxNkUvPyYx9f5HpuiqlipFgAUlavDXLUPj5qVsagV9SrQ62S95A1AW9hQhEXrEpcFLJ/wFvpLfTaLozt+KMDYV87zUwL/v5Ua0uXVJNzolbUsYPRvcXeJ1LmBT7AcI8hneLHCIpZYitT02Y/ZNcykjDebY/X12fBZcxAHTJsE5AXyYLbc/VyByK3HQ6qkzsBCaBCjqyea5b
do5DQRSre/3+urbT9Q8Sf35x2AdY1YmoInzBn8SUzyHTyl2mA1jxjZ6m0/YDoQXrvqXr0T/B6ScWYSVK9g3odbEvTanPRzf20FmUcY9Hqmdjs1I91/jzSpt/ePYKzeZ5SjzcrV4dX8S+krhaNgUH2kZLIZqm7W4kqldLR+lKhgjjRIQPKlwBEMpReUje0zypdxdC6kXXYjxHJbx26CldWbiJMD+h6ffjFVGyqDEDW9EkuCzpB5COf6l0312sIC8/hlhsvaIMeB3ncgGZLtpCWU7/VNWOpOFXO6a5leHXQPnW+D3YkwBfxNd0rZw2xudUiq6q
XzfnvBkaJMc7E2A2qLo5kJIUQepHrc1fW6mqvhHsTW0V10Qz6Me1J5xkA0QQJp5BLPGxDnSIrNO7/tg6INYeBK6It3uDCcDyq+3tBfE8u81tSoTxFWe56zUUgX6XI9vbf7nZ6NzmVJAXAbxNkUvPyYx9f5HpuiqlipFgAUlavDXLUPj5qVsagV9SrQ62S95A1AW9hQhEXrEpcFLJ/wFvpLfTaLozt+KMDYV87zUwL/v5Ua0uXVJNzolbUsYPRvcXeJ1LmBT7AcI8hneLHCIpZYitT02Y/ZNcykjDebY/X12fBZcxAHTJsE5AXyYLbc/VyByK3HQ6qkzsBCaBCjqyea5b
do5DQRSre/3+urbT9Q8Sf35x2AdY1YmoInzBn8SUzyHTyl2mA1jxjZ6m0/YDoQXrvqXr0T/B6ScWYSVK9g3odbEvTanPRzf20FmUcY9Hqmdjs1I91/jzSpt/ePYKzeZ5SjzcrV4dX8S+krhaNgUH2kZLIZqm7W4kqldLR+lKhgjjRIQPKlwBEMpReUje0zypdxdC6kXXYjxHJbx26CldWbiJMD+h6ffjFVGyqDEDW9EkuCzpB5COf6l0312sIC8/hlhsvaIMeB3ncgGZLtpCWU7/VNWOpOFXO6a5leHXQPnW+D3YkwBfxNd0rZw2xudUiq6q
do5DQRSre/3+urbT9Q8Sf35x2AdY1YmoInzBn8SUzyHTyl2mA1jxjZ6m0/YDoQXrvqXr0T/B6ScWYSVK9g3odbEvTanPRzf20FmUcY9Hqmdjs1I91/jzSpt/ePYKzeZ5SjzcrV4dX8S+krhaNgUH2kZLIZqm7W4kqldLR+lKhgjjRIQPKlwBEMpReUje0zypdxdC6kXXYjxHJbx26CldWbiJMD+h6ffjFVGyqDEDW9EkuCzpB5COf6l0312sIC8/hlhsvaIMeB3ncgGZLtpCWU7/VNWOpOFXO6a5leHXQPnW+D3YkwBfxNd0rZw2xudUiq6q
CABuaib1cZBn5I1QtSwg1mh/rzKfm+vRV6DA/ViKCKAvbED+jE+egZbCkQ7Dsm2EKAEkqcHZSfA10qEn+VzUT37G4WvWI0Wdfq3g3zC+FKRRZlrxiSdjh0hO1bg9KIfb3EcPebpcaIL1MAN3W3i60sgbWP5vFLRhnHsGq4thYoKsVCHk2C1jUDWxqDfXB6u9jfNZGJijqZPGh57Lu1e4fW6UoOTNBIPb8yoKiwiyN3d0WQH7sI0rURab2tP3Nk/EREcfrRDTnFgr/fsGu38RoiB0yT+TCVjLsOgtlEMocRN9Ge0a2IQeV/JFtO80M1vcxbcfZSch4DH4/ukHhoCdnOgH0UYSwZSHW2k5nE2ac4VdQy9NR1bAdTn8E3n96/bYRGRlJEJjLATXPHxhT8TIC1qlEdckZiMP9DDxlYraPnHbNX7pNlNn8WHPI+GEZGcbPR1COEolYYjYs5/E6XE6OOlTgDiq0SRUrrHRwreVuAIk1Sg/MtnofPfbDZYPuTeIRpUQmLu0VZhJaGFEG1BgXoGY7K7M
igwvBCiRP7P+UFGIpfKTNo8Ljcr8eP8TQAAzwpgtFOJ7NfOdmZ3npRAMFhuZxTEaLgP9cXbc2uutWLPT28k16XWBP3DK2YHLCSK5X1PLh0WMy2hoIBkxRP3U8xngLhCYSihHNfGc6QfW7wZ0roiPzurFflH9+54CrmO1LTVdY06jLf7lgtLUhUdEtNSPwy/i9bSx9PVaGJW53qfXaaWj3nVXoUfi8zQwzsSfsvTBM13giJut/2JbHXe8xWcVQVtytMB4zdGs3Y15e/yKg1DeTs1O7pmyCn/eU28/YcZWvGbKXg8UL/4K5Y4ZU/Nbv5chIaTw3NE8hcobt2XJMDJPw8JSYCFRovbPKzPjOtfSBPjo7AmkxazNysw3waiSqJEYSZmE7ZK2dD8p68AWYjdZmhb3ZwOD8vcJHDQbBT7qnY/YMU3SI00ZK3kA1UAxCLnxVrjXBFsB+If/1vyJHWRsTBOVpADlE6gXW6PQLy9aOiIHx669M4tfX2M/qEaVVl7Ke3j0D0PjqObecnyoVgpcLqJ/Uvie767B
FnrayG8KUtYcgfXqFjMU82CPrIiMeOSrpdUSlB4Jd391iIGWfrWIA8hi96ZNYe7ULl8t8DRXF0fwBTEkdF2wqvj7po6YKJQp3m323zMFRvlPnTMgardattSQzhnzZcDRXi8OwipcbxrkcTdbXX92MutIg1Q5I2I7MZmEIFZ6S0y9h+UEhCr2Z2Y+0WgKmSIHOFu1HVx6EiifBGZRXagLzZbHaXsVRTOPZxim3xdrePsgO4UrhoVQ6B4Ec3g9I81WNHs2zomPyiW/O47xFako52QjSUrxPHo7IU0uryKglYFF9oUDL1oeCHe/LXVmM46UE2T9VM/rw2XT+ub4IK9MOQofik9lJPvLIaWZXV7JRoLX97j8o2RWe2+mrL2qf2UVB2zz5s194z8RTXkqfo2HgK2Jw5fIIHoY28T8H5L86UBCkXG4dvPk2a8XGhod98pMT2U0poCJ5UlACQgv2Qnfs50RuhhZ4wNh/Lj0WV9w5s+hNFcNhMBXL77YlK0arBDNbzIJ6Yb6GqkW/4ylVoRJpzNmMcUJcPjprngFyGtgdxRftKUs3qY/5NKu8g==
P7lcldPsV3m+sqthHR2lAhPCAhZ7VcBePUVG0ymIhJHq/AAFCP5tDs1V4SN90bY7BeP97GPZxdWsb/WfpfSBOxBQWFtofc0/nDoLWy9Wua2T9kVclrfD6WSlQBlnJqm7C5dn0QRnmKxYJTFwlRgjvXiysMwCxHcxyWCpc35jlhB2VO/a4ukOFQVHHrZGL+UJLUFDmmtBTmE6rhRxb0ikMNefz3Z9GEEwjWYYodESd3PxOQOKPbuRQ9oPdERmSA/WLB1TSeik6+kH3tupn/CVQw1de6Z8rMhJadAdeVF37G7bDD7aReIeXco2f+o7o+/FXsocMoKyPxAXAkqRJpXDl4Nj9zUpiICYKYAFfvP7Ne0oLm8XCj7QpeneNjsDP/Pej47kbGBA+WC9kM3+pPsRDAo0MUwBdbTpqko0S4FnUHK66zmOHtsXR3tOd730eEshJva9WxBd/VabMdnfUQzFpGlUWWXeFCfAIz34s5caLC2F+MwYW3mUBN3v6GPzL0BL94ZaNg/r3vnLN9/ri3P4Yo1Kfh6zFESL+59oEvZ+bEwOVry6KtOiPObTrvU=
m28BLPfo3DImsK0kpG7EQLdYHG2maDVWLZ/aXD+O3IplyiwYMmOEC7XmhRcovUGrRcNcd0i1NG7K/9Eb19I1G9xYGWk7qxbDNXSmWRwISaui7Vieu2vPDeNbhApkh9Au7YxadRgXbVC4uirUN8fE96Wf/CawoJkkz39xuXubzSv5Ac2enUJtvgnrstZPNlfHeE3r6FTr4XK89leb3JJJNYh9r/3Y7bOsSvijaXbP/w2fVTfBwGSpAM6wfzZK2C8CyEzqbLQqijxstMaRSkoSqa6L
v4LfknKnF56Iz2FX4nDjNGIaPKz68U6+s7uPQiaMhHKxbcWgqfs1rTwRZRjZ5zSsguoQLFbe14n3HK5p6Gc60Qzz4HL1AwO1YtElArpjFAZNqaLrVJSjVdt/0034EEzpNAyNanZf4ElZguiM9q7/CYA1ZdkwbOhezZY/Kc1jEzVpSVmnoXQl3JksmR0ubMe400X4y2dizFV1gAxgqwF0fC2XaBsDV6AzB/6aTv+TPoE7T9+TewsYGn0yvmZDbKL2C+DoagYGjDT+LnzC2qtCRBarro0=
5cdj5XW7WPpRNRAaBurK0Mrmgzagdknn82RFyFPR0nlDamTtXZXa9uENv3+wlUppGbO3/vFDXMH8JAsx9klCo2NzxWv2jz6YSK2NPN6Qhc8oImzaET/uUfZr0g6d2BqmvX39yMqM4sP7QCOQM1tqYpQFPp7JFAVnf2eWGw6n5huYidB/wWkXI3VRUmiRg/sRBLgMKacQLr9JdL+dTKBPf2ZYTP0CjNhdx3Ih2U5aohku/7QV7iQBlxummVVBVuU58fhdGHOAP4Q3dM3clkZHFKquig==
vv40TZnMc/FpiN/pHCOuusrmgzagdknn82RFyFPR0nlDamTtXZXa8OENv3+2lUppGbO3/vFDXMH8JAsx2l5Cqn990mv2jz6YSK2NPN6Qhc8oImzaET/uUfZr0g6d2BqmvX39yMqM4sP7QCOQM1tqYpQFPp7JFAVnf2eWGw6n5huYidB/wWkXI3VRUmiRg/sRBLgMKacQLr9JdL+dTKBPf2ZYTP0CjNhdx3Ih2U5aohku/7QV7iQBlxummVVBVuU58fhdGHOAP4Q3dM3clkZHFKquig==
woT4/rTVYsijdpwAaptgATK9RxRvrFaG7XR3n9Pu9lu9kKUG6whEW3GKfr2nohbG2HpYcOSbcXgtV75MyxDdhCSlTxjhR5CXCPRenZsw6IiDwy4iatYXJ9hd4FvEYqvAfIqbHdvkrFTUry1wdVwFA6wu0sV40g9Ms6sp10B3uH+Atz7pdtOn8aFP4+HE5CcbfZ2COIqlIYiYM9/EKfH6OCnTwDjqUWRUbjERwncV+AJkVWg/8lkofDdbTZZPOXeOgxXXmHs0FZgJ6CFE29CgXkEYrK6M
5PADA8TU/mDKim3OsNtA8crmgzagdknn82RFyFPR0nlDamTtXZXa8OENv3+2lUppGbO3/vFDXMH8JAsx9klCvX5yz2v2jz6YSK2NPN6Qhc8oImzaET/uUfZr0g6d2BqmvX39yMqM4sP7QCOQM1tqYpQFPp7JFAVnf2eWGw6n5huYidB/wWkXI3VRUmiRg/sRBLgMKacQLr9JdL+dTKBPf2ZYTP0CjNhdx3Ih2U5aohku/7QV7iQBlxummVVBVuU58fhdGHOAP4Q3dM3clkZHFKquig==
ZLu3GMhDxtQWQodvhLgPzjK9RxRvrFaG7XR3n9Pu9lu9kKUG6whEXXGKfr2hohbG2HpYcOSbcXgtV75M2hbfkSCxTxjhR5CXCPRenZsw6IiDwy4iatYXJ9hd4FvEYqvAfIqbHdvkrFTUry1wdVwFA6wu0sV40g9Ms6sp10B3uH+Atz7pdtOn8aFP4+HE5CcbfZ2COIqlIYiYM9/EKfH6OCnTwDjqUWRUbjERwncV+AJkVWg/8lkofDdbTZZPOXeOgxXXmHs0FZgJ6CFE29CgXkEYrK6M
ULu0DJ8FSMZGORIlmxjveLdYHG2maDVWLZ/aXD+O3IplyiwYMmOEDaS+3Qc+thX0QsBJXg7Wcyzdp8Zb0+AyDclFGWk7qxbDNXSmWRwISaui7Vieu2vPDeNbhApkh9Au7YxadRgXbVC4uirUN8fE96Wf/CawoJkkz39xuXubzSv5Ac2enUJtvgnrstZPNlfHeE3r6FTr4XK89leb3JJJNYh9r/3Y7bOsSvijaXbP/w2fVTfBwGSpAM6wfzZK2C8CyEzqbLQqijxstMaRSkoSqa6L
uKTFxpHHFBvIKopFaYrM/7dYHG2maDVWLZ/aXD+O3IplyiwYMmOEDaS+3Qc+thX0QsBJXg7Wcyzdp8Zb2vM4EMlHGWk7qxbDNXSmWRwISaui7Vieu2vPDeNbhApkh9Au7YxadRgXbVC4uirUN8fE96Wf/CawoJkkz39xuXubzSv5Ac2enUJtvgnrstZPNlfHeE3r6FTr4XK89leb3JJJNYh9r/3Y7bOsSvijaXbP/w2fVTfBwGSpAM6wfzZK2C8CyEzqbLQqijxstMaRSkoSqa6L
cFX5GDd9MZZV2OXfci3rZk2ep+gLeibegHJ+9kme/PYEjx0HkOxTsxNPEWGCPMW+9Syj0x9H1sOJ8HNVnOVFGVKcYGHAub65rTfz6Uo1BS5CdwT6Ra2i50xgk0kzW7OhwESc1XzITSau65CV8eZIII46b3UIseVVqBhYwqUy30V1t0OJoQ0Za/lA1YCxyLkx1njXRNtB+Md/lvxJnaRsjJNVpEBlU6hX2+PQ76+aOuKHB679s8tfH+N/qIYVll4K+7jySsOkqKZeMnxo1spc7iK/Urger66B
1LcC8fFgfD9HSQvdM3mvQ0Ux15VyIS6LFUX378fXn/xDL1mL+fwWNbUiuj1pp7AwXysFVofpXy/7he8Yg6Qt+GG46YQT4Ag+2Sg0rhQ=
/dPLlM/nWNyxJMfpunQtUeyBbQkxgo66EVFKza/0ZSbikV8gMVLrcaVlkcuxDH4VrVKiLn5TshC3W82Wzzn3jwMVV5j7NJWYieihRFvQIF7BGCyuDA==
rDNxMtiUA9TqGOIWPmcRGxZb3vvJDbMvgx/DTO93vetdRLqlyao+ve0vTKDzk6G24zHzmifNK1hHbHEIDWDNpPeY5C7lIDCuEA==
xOOVKA7aQJs8ClNbOvf6yyERlaJSYFjHH1W4ot2Csc0NNVmL+fwWNbUiui5mo6owXysFVofpXyr7he8Yg6Qt+GG46YQT4Ag+2Sg0rhQ=
Iw0/PZIt6OQylJGhTEX2wwcdNJ5eBu6ECnm1El11gdIjt+Wfp4bFHSXN4IHQOLHg95CbzGsUsVSy9oPMRq5m
Xz6k/q4JDT4NR7d7htMGRHcpNRm5dy7Joi9dljB8VZ7MPqv+hb6e0gsw0fCTwSi+7vqckMZiHLZSt/KAzkeuGQ==
9qAkaYqpcPwVHEOc8t2/3e5A/mLtbtt6RP2Gea4iGCWwjn2RyTvIJTPM1CLi/MfQkqom9t2WNcJ9JMMVRXtLSzmfQP0WESQS9Zwic+2bPHYSRkePNndCmEulO+cwn4bdIQjqY0dcwNRqN2KjNMk8B8V5M+spsS7gNTM/Sei44HFjoIo3NZTjVWiwSweKGOBFhhy8lZtSHdGqKmZBgn8YzarUZZ8nhkUdpcdhgVk/MeB3kBvM6xQxVDL2A8zGruY=
fNik63VRdWlIzAoBifcbFayGMzvcCoP7W0n59IBMWv8FM66FV/eK00eCKQ5Sk1/LMZveWoGR+8beuAPjV6epa9SoSEmRlGsraBdKdLUXX53OhuHAldn/IXOUtGnp1sSvMhfDKWFtGQs54FUg8Si50ZbYV+QbIfinvzZ86d1EbGzT9STgpTOoNxtDUE/vejoCx6cuXXOrX38j3ygmVXZe6rsYcegDwK/GnpL8yJYqXA5iH9IY3s+u4Q==
31K9sZ1di6o5LxFG+7/3IqyGMzvcCoP7W0n59IBMWv8FM66FV/eK00eCKQ5Sk1/LMZveWoGR+8beuAPjV6epa9SoSEmRlGsraBdKdLUXX53OhuHAldn/IXOUtGnp1sSvMhfDKWFtGQs54FUg8Si50ZbYV+QbIfinvzZ86d1EbGzT9STgpTOoNxtDUE/vejoCx6cuXXOrX38j3ygmVXZe6rsYdegDwK/GnpL8yJYqXA5iH9IY3s+u4Q==
KcKesnWAVHnlozDFQ7Ii2WLWLeq3F/Cl71TKdj2Cc8yIgdMy8X0BU1BpvxhV+Na4cSuq6xmDGnI+v4AiIImgeqqlyf2T1Dzn+huYwo/PdnsvjGMn7mGYYcpOO6QMb+N7cqq8/skT2AeMxGWdNfteX+hBr7BEP4ksLshkD0x/eimym2vB/bfHwSD8GwtxlYY4jq0tmKQrO+QNCaYI5ZsE+K6ZqCSyiXUi040Ekujd7L920aTsS8Pp9quBK3XMXRffP/xZqNWQBWS/yJxOTRCorog=
0WvyOkt+JCc4tOSRq0pWMGLWLeq3F/Cl71TKdj2Cc8yIgdMy8X0BU1BpvxhV+Na4cSuq6xmDGnI+v4AiIImgeqqlyf2T1Dzn+huYwo/PdnsvjGMn7mGYYcpOO6QMb+N7cqq8/skT2AeMxGWdNfteX+hBr7BEP4ksLshkD0x/eimym2vB/bfHwSD8GwtxlYY4jq0tmKQrO+QNCaYI5ZsE+K6ZqCSyiXUi040Ekujd7L920aTsS8Pp9quBK3zLXRffP/xZqNWQBWS/yJxOTRCorog=
B5dV/TDALEVxA+9Ey10Ov2LWLeq3F/Cl71TKdj2Cc8yIgdMy8X0BU1BpvxhV+Na4cSuq6xmDGnI+v4AiIImgeqqlyf2T1Dzn+huYwo/PdnsvjGMn7mGYYcpOO6QMb+N7cqq8/skT2AeMxGWdNfteX+hBr7BEP4ksLshkD0x/eimym2vB/bfHwSD8GwtxlYY4jq0tmKQrO+QNCaYI5ZsE+K6ZqCSyiXUi040Ekujd7L920aTsS8Pp9quBK33LXRffP/xZqNWQBWS/yJxOTRCorog=
B5dV/TDALEVxA+9Ey10Ov2LWLeq3F/Cl71TKdj2Cc8yIgdMy8X0BU1BpvxhV+Na4cSuq6xmDGnI+v4AiIImgeqqlyf2T1Dzn+huYwo/PdnsvjGMn7mGYYcpOO6QMb+N7cqq8/skT2AeMxGWdNfteX+hBr7BEP4ksLshkD0x/eimym2vB/bfHwSD8GwtxlYY4jq0tmKQrO+QNCaYI5ZsE+K6ZqCSyiXUi040Ekujd7L920aTsS8Pp9quBK33LXRffP/xZqNWQBWS/yJxOTRCorog=
jjw9Wqt9yEMK7O6ad/37OWLWLeq3F/Cl71TKdj2Cc8yIgdMy8X0BU1BpvxhV+Na4cSuq6xmDGnI+v4AiIImgeqqlyf2T1Dzn+huYwo/PdnsvjGMn7mGYYcpOO6QMb+N7cqq8/skT2AeMxGWdNfteX+hBr7BEP4ksLshkD0x/eimym2vB/bfHwSD8GwtxlYY4jq0tmKQrO+QNCaYI5ZsE+K6ZqCSyiXUi040Ekujd7L920aTsS8Pp9quBK37LXRffP/xZqNWQBWS/yJxOTRCorog=
jjw9Wqt9yEMK7O6ad/37OWLWLeq3F/Cl71TKdj2Cc8yIgdMy8X0BU1BpvxhV+Na4cSuq6xmDGnI+v4AiIImgeqqlyf2T1Dzn+huYwo/PdnsvjGMn7mGYYcpOO6QMb+N7cqq8/skT2AeMxGWdNfteX+hBr7BEP4ksLshkD0x/eimym2vB/bfHwSD8GwtxlYY4jq0tmKQrO+QNCaYI5ZsE+K6ZqCSyiXUi040Ekujd7L920aTsS8Pp9quBK37LXRffP/xZqNWQBWS/yJxOTRCorog=
SJam2NT0da+7PFVstd8smkdA/rVXIHzn/8p3ph+0AaKgtEVwo6ICcxGaQFsdSoHd3HgRHC5sx2o8hZfbD5DSMMR2suCMKP4NOtYqNa4X
n8aEMnFCjI9lUFspNIJ0lDmcbyenjbIbdgPnv65UXEv9g0i3qJtJr0IFf9HjGwN4pN3XlmBuvJfI2G0v/0a9DS3gOPEwvxlQr3CT3FNUaSQ6VjscLq4O
WCUIJM/GyAy2+w/Z7st5gQ5NJpaTgL7ScPoPbkCZiQFlDMYycnSk5AuIPc9vxg1t3aANEUi7KXddMCB8I9T5hOoW6z8+rh4=
Z22yuCb766bgWCX/9CwPAlEMetIx+inb5+QZBYDvLT0OkckBQKY2ah0iPnajnGRCK33r+iG0TMcePvzSutsC9DU7rh0=
EARX2hdoV7bSuF2OcWDjNC+Eq/YuNL3SRQVkqRS99gSMyLGMrvwnGvzQt+MLoPXihIXScAy4Xr36hslFrmc=
E6HAtQHA/jkjjrKggJS0ajS8s1C0uiPZx/UYXr4keQdD5iFl2bApyRR7da85oKT0TzSVTK7mj8dCrmI=
0lSiqz+YS6jL+ohkil0W0o8Ljcr8eP8TQAAzwpgtFOJ7NfOdmZ3npRAMFhuZxTEaLgP9cXbc2uutWLPT2sk16XWBP3DK2YHLCSK5X1PLh0WMy2hoIBkxRP3U8xngLhCYSihHNfGc6QfW7wZ0roiPzurFflH9+54CrmO1LTVdY06jLf7lgtLUhUdEtNSPwy/i9bSx9PVaGJW53qfXaaWj3nVXoUfi8zQwzsSfsvTBM13giJut/2JbHXe8xWcVQVtytMB4zdGs3Y15e/yKg1DeTs1O7pmyCn/eU28/YcZWvGbKXg8UL/4K5Y4ZU/Nbv5chIaTw3NE8hcobt2XJMDJPw8JSYCFRovbPKzPjOtfSBPjo7AmkxazNysw3waiSqJEYSZmE7ZK2dD8p68AWYjdZmhb3ZwOD8vcJHDQbBT7qnY/YMU3SI00ZK3kA1UAxCLnxVrjXBFsB+If/1vyJHWRsTBOVpADlE6gXW6PQLy9aOiIHx669M4tfX2M/qEaVVl7Ke3j1DkPpq+bZcHyrVgpcLqJ/Uvid767B
lnb0dVVNHCpDRDah87HRunEEjoXFgsWLHE8KwGgTi2r55a1JzxDjWYdG0oiRn8Srjmgrs9Hdh+770XFDpqtIfGICEOSkccoc8G+CMwX0PrGCS/lt8jV0f8QGWPSNjm7xvc+/1wT2IRipsAsrYC9buW50FLL5KBcXb4B2gpSzrH4bvGix0AMyS595brJQfHWkDMXfILkpPJejv2dt0ZttGKzL9UMKP+prL880DdJ8dKSZLH/r/zIeazzKe6eo8XV7RCV3Adpj7rPjLkP0OG/LbUS7IKinZW+mT8dd8vyc/T+n4YSb/FDZNNew/ePBcbnaDKxiZ/5doI8Ay5eMmR/r5VOJPOG0ht3nkpiRrBQvhQbGKSj31/GtPDkiv1UBKxtNcz6cpfVEZ9lpc3qo+IyxZBZL0DTbJGiBe7yE24YNZVfQzn9fOMjF9Z7CMkGnHaopYjvbAe1Xt0Fw3CtL4fV2OH7NvdiUC2tkfem2yFU71Ph++VhkoqnFooNtdFJ4fdy/RnE0rLujOXYboTu5u71O229b6+jG8PXkb+isjt3z2K74
2D9KJm5/5rkT/H7+mDODpbX8rfSWZVDxZAJEtDM55JJiPibJza/342zFu/eD09NFyZlZdwEE5Wz5/BlNztyHSHMV+JvHkozlldCMsMuxtAyNR2jLoydgg2cuGh4fI35xmx/fw9v7WKqdYj62I9xhg6s967qhdEyHnv78kjobArS1+67d
a4IWzfuumU8RpkhttaXTkzX4NIEU8NMGq4M5NqOa+gZ9EE7B35/OAF0t4I8iAcYGuJpDSH5dPouNtqLCeWq8kMEoRV/HhuVdxUVEQbA7kacVEDgMCxSRFFJ2Iw8mrgY=
YFWIdPo0SUNKU+dZZPhEFxqUoDG93Is6XFgVe4dKHRpEesPo8L1hb3B849Ve85zheHoGYv00wK2A9zNOHL7HqoLs/9B7I/l22yH7vXo9jtuv2yvoBnA15K9obI4dcxiuOA==
9hbyvSqdzUpMA26L006JpzOnjxSM7qoga1gVe4dKHRpEesPo8L1hb3B849Ve85zheHoGYv00wK2A9zNOHL7HqoLs/9B7I/l22yH7vXo9jtuv2yvoBnA15K9obI4dcxiuOA==
AVQ5r0/Poq1IMw9a0I4wDMAFn2FFrSELs7IhGniC95jEVU0PXJS3hYorwKGkolIyKZysDWxfR/7oBrsqflSLYI+LldY3ia9trmXSG3ODfzjSGBkEgwBYfikLJK4E
wG1RTupzczepthUw7Lqd1ZeSluGwJCyyt8gk5gSq/NacW31bn1oVGkxq28iYjZmvKCxLNeaDFGHwyn7CFeSY7bgHGy4Ers+qivznMFNTwbYDcZMdgo0GWycrk4iuoO2k11iErgVjEK4w
HpzDOYFM9VCsCJ3jJGOJwCTNiSLD5x3KpPwDjPijf1qjNifShNraDSgYDF3L3ufx5nB5u03rsaG4TRbA0u+1kf0wcmmQIEqrnsQUtnWm3jqbiDH/oxmrFjmAvFu2+tzeQo+SCH0frjE=
jYH2QEx1NRYnj8U2eiUjLMLF+4FWTZC1LVMqZWAW9RSvG2IaX1VwKW+d873ET5PVRMJFHIUp2jgv/EOGcB9U88Y6shN2aSAfaMf2ab7jj1E5v5shXDQfO9UNSjhCNYmooONHBFEBYpgB4wi4IiGMNPYBKQLvxYDiDMUgPzrJwBzPC9XWdwnvbe7lkhszAz84kpjZBEOAmH7pi+SuxA==
