DfdgZ/ISmnB3xF3AKFDOGR9GJHh2F5kmV8k8R6ClqaxTYTUbZwMXW5VoKTtrx8hMXLka0SVraQ/0AseVito+cds1fuk2U2fxYc8j4YRkZxs9HUI4SiVhiNizn8TpcTo46VOAOKrRJFSusdHCt5W4AiTVKD8y2eh899sNlg+5N4lHlRSeu7ZXmEBoYUQbUGBegZjsrsw=
G3azhWRYJAc89CobiX1K0skMe7+Z0MimvsbO0byG3m/snW/7iqMuVUfDxkEXxic7rvvcTpDDtN16d9JDZMnsp7W5I4uZMX7AxXOvqdi40JHz4HoXZRRTNXhwO6daGLClNlystevSzbGa6vbhcn9obTqUVX93BrU9tQHV4Y4+YUKF0AIsW5ThdEI2k6z2rtY=
FxOvOAC32hBuJgtkL6EizHz2i6wX3pP5OBPeACfmhs6+Q+gNPC6vZESQjOrQO8M/R2tMUz+5hJGEJMKddRaQ0rJDRoFRaW7TRgOi/bPzsnnuQ1kDWsuo5hxj+PVuJ4bb+Inwv2Hpt2NVUXIocQMbUeS47GlHkM7/aXSf3ewg779GWCw9Ygy4nadyQRnu2gLZDv+UVU6kodf7pnkVodEBeRL+fVrRAJZEF3TtHPbGJ9TKruo=
qsPFYG4L1NtTw8aJ89tgIPqWmuTT9mkpU7qcfoHrixGDigcd87eiQVU7R1/EYVsbeycDmQFdGTtZUJUQkZg5Yfbol1R7EfiX34a82b307NyzxeRQxQOoB3vzkH+Pyrqyp5fu7RObX09Db+gWNcbeWtsotV5j9672/CA88faa3L4CLxKovv+u0Q==
BHmTLBAgTYE6WL3kXYX9ZJjw07PMFvHARb/JKCwcAJbS56n5q0OgU4mfqy1bTtexWyoj3e2ft5MMVTtnYyMTdemJWWchNCWcGWyZ3a6sx3hTBfiL56LMlfVADCArQXQ8rVdo24MXoHOHvpqOf1M+QbsP39P7yxja/fK+JsMspbKLI+6qhESMfX5ufAJaa0KEluuuzQ==
UFRLayu7LlTrLVoi/HtSKZjw07PMFvHARb/JKCwcAJbS9qH3rUyhAYmfqy1bTtexWysj3e2ft5MMVTtnYyMTdemJWWchNCWcGWyZ3a6sx3hTBfiL56LMlfVADCArQXQ8rVdo24MXoHOHvpqOf1M+QbsP39P7yxja/fK+JsMspbKLI+6qhESMfX5ufAJaa0KEluuuzQ==
sjHAP0lXTsRWpErBrycUgUpsm8k0MnPJcaIVEOoT2BPEWFZyRVMAKt+951Oy3wXi6a/rKRNU86kU6RbrUmOWJc8jHhF9w87r9ptUviiD7M1yV6rzjElE141ZK5vB8YZwTdN3efC4+EErQPKnndQLJXCQA9fymFgVTnykpbOSdUESiq4xmn8APeJ03Q/Pxm0tvSEtUea+ybK9sAo8g9SZxMqWy/zerv4=
X+XxfKXO78di7oOMRO9zuT95bBOHbXvHNGeljpyd+xJWXydBmJmqE2YDgj3Tc1K5iEO6QzpLSKY8Y9i1zqcmm9iJkP+BadejtVES6NGDu5HEuMyp5xBuPwl0fx2MoA//JlgMfcKMGN2HcmFZDlpime7/9JWuJMEX26ZZ1QFRobky/p2asYB2BHd0DVxWRoeU6q7K
2DSqocCM3iaHnupJiuubG5t8EzlJiNpXaeKd+KK6zj7ZMor8n4fOjoJEIgkKSM4APdOl4Zs3X3ivk4fgY5e5OV8hgMurncd1S7cVpzkNFTItjnVSaQfq2n+az4t4AXNEZOe5ntwaT1dsPpE5SPF30eghK0AqFPvlxuPnQR8ZL+1w6PHsrlzn+n3w940OQDDCBO+S0AxYnp165orlrsc=
Qj/O4El7Tx7ostnfT7Ovb9my4vCWG/HATb3fOngOA8bSouSw/w31AYmfqy1bTtexWy8j3e2ft5MMVTtnYyMTdemJWWchNCWcGWyZ3a6sx3hTBfiL56LMlfVADCArQXQ8rVdo24MXoHOHvpqOf1M+QbsP39P7yxja/fK+JsMspbKLI+6qhESMfX5ufAJaa0KEluuuzQ==
C9IFQOc+gA6kChaCSgfUzHM8LEjZbXvMK3ei3JWOtRNcFCdBmJmqE2YDgj3Tc1K5jUO6QzpLSKY8Y9i1zqcmm9iJkP+BadejtVES6NGDu5HEuMyp5xBuPwl0fx2MoA//JlgMfcKMGN2HcmFZDlpime7/9JWuJMEX26ZZ1QFRobky/p2asYB2BHd0DVxWRoeU6q7K
vnJaeFoxmrEeNKMdGz4//LaxfxARuJ6E5dGShGdro0Muw0rN+1NKyZFCorMia2DWdCMQZSYHngugCShveYl/8/0RWtg5Y6Oh3LjUmf/whg9BNDdNJED3b57YdO16LPANTzIpKSZ6emn2/+zltgTp5xNmEYVp8Rkpyn4lCsng3tS/tMVsPiafpPKu0g==
1OiARxRmNfERTHfVvzHW9D9jYB6FLDKPK3D8g9DCpEBURmZBmJmqE2YDgj3Tc1K5j0K6QzpLSKY8Y9i1zqcmm9iJkP+BadejtVES6NGDu5HEuMyp5xBuPwl0fx2MoA//JlgMfcKMGN2HcmFZDlpime7/9JWuJMEX26ZZ1QFRobky/p2asYB2BHd0DVxWRoeU6q7K
K+YlRRiCoIWF1BXLeClvWGy9kuzZooEFO6IPKnUzMo/IoT3zjtyGojd5IdtIZXeHlEeGwOnEwoU243FJlmX+kno1fKSANx8yEqeViVufL+AP61fKYr5pQf+58GNr9fdtK4/Fz7nlRQrNlkW6Ka8aQt9in6N4KSO8xH9JNpzyf0+MBsHRyJmn6Yg5GyjqvIt9Zps3aR8x/5XQcIFEbjTX4h3IJ+WOqGD65PeiOEzwbgXaHtrNru8=
41gwukLkYooEoSIJBnZ3ktKRgmwZCUSN0CM/s8ejz57vRm9R9o48+uq1ci1MbuCBk1CqafGzS/kTMmdVw66iaAVD59c0uRtzax/jUbHFmZOJqLUY4cD5iWZQ9xxLCfi/j/4cUU0srLSj/QSYdZsor6sLsHf/knpaNy+OpSODX2cTF0iexR6eMssQVZbTby5eLNgc+YbCHFaSl3Lgjueu+Q==
/AwJ5wxRslfpipOMC9IHAHsA44Oa3VK4QVWkqbgPz4e/n8+a50p/Re6SHJ7CWUJZdJKgxVuc+j0pbytd+54X4TsSIuyNz3dDrCW7l8NzU6UJuVlXweRlzLmcGa0OfAcoMzX4u4fyDEVVMIzQixE07E1naOtjx+AjJ04a/t+D/hHbP9/jm5vYCl2CPtZjfOViaxPummSUzC3envxy+ruC1Pbbrv0=
4da5UE9N0QaTNbljsGnpVcXpnBU86G7GJdfaHNAyhFMCMRhPG2XJ+8ho7ZQXWMLO7AolMFTJD05An4CzxBE1a0TVtYINL6zTrgp6Uz65yL/wV27pJnMXMZFvU2EUxDdb7f1yOHrFsciIEw9EmdHK+JlzkDi6sRSUHtFhQif16ML09Vg/wvm4PCc7nRa/WYfJd3UEnquWp9gwyJHEi/CwntH43K78
e1/AwG36yYWAfBGqzeOAUEsrWu6Jrn7jOpJdQ5RbjAHXnbOZz5jjVHdP0mQMjNZ3OmOYtIAnf+LS13U522+PUM+7d9RirkkRPwlQk+tFFx3rX6XfufWlWo1mJQqp37ryn7K/s3g5A2yEz+lGHEIfv8xWIcHIicc5SEn7mGpMK82myxd5HyHfxRDAIbTuhDeS3RhH9Y64gKqkB8KIzIDOtZrO+t2u/w==
T2kt1YCZE57O/f5gu3N4yj95bBOHbXvPNnG32pGU5UBWWW4V1szYE2YDgj3Tc1K5gkG7QzpLSKY8Y9i1zqcmm9iJkP+BadejtVES6NGDu5HEuMyp5xBuPwl0fx2MoA//JlgMfcKMGN2HcmFZDlpime7/9JWuJMEX26ZZ1QFRobky/p2asYB2BHd0DVxWRoeU6q7K
pHFovOrME0njKs5EbkFSfrb6gAu7lBxS8yxXHhcocsXQlZZzSLu9zfsbh7Qf/x9p5RUhVe/tWOfLsd95e9tNa/nBTV6dAu3+CasyFk/214d4DWsoVCthMry219vcUsn1iD0vvdgtM2xKOCMpdo9/zZ+Vt4HAJCnAznD/9k2cr0HOjGiutGMKfGz0RlFKipLprss=
L4YfDH5j4K9gqUhCcBprF+aMhJGU248DHdu12dtPz/BPW7f+ZYGJ8b+pELPrpdd9a/9lP7mV5foNhmVqqf96Uh/S/5N4GUMMBG8pZhwiX19M9mGhyGkHmcgpO3hqbGttJivXWR8BHyWQYGGU7mT38l24hxWO2MAKJOeC6MygDhUarrr9rt8=
3WS75msW5QMGMsFmhr2/tgMWESd+Ja6BTN+gsyRRVevkFV6FYm8MU07KGlMeeSg/kBdO6cazt7Exr7NhNISX2w09UjhaBVFIKFMvRHkRang5s3A4mvF0FP4RQUJHNQhCVLU4PyI5GLxHe30WnxnnSZe1JJ7L1gdYkIjxxKswEB6xuPyu3A==
d6VjK0VmHk90mMs1ZoG6PeSMhICWzYsDHdu12dtPz/BPW7f4ZYGJ8b+pELPrpdd9a/9lP7mV5foNhmVqqf96Uh/S/5N4GUMMBG8pZhwiX19M9mGhyGkHmcgpO3hqbGttJivXWR8BHyWQYGGU7mT38l24hxWO2MAKJOeC6MygDhUarrr9rt8=
n9ETyJ2MRTMPg+dGS68VxgMWFzFiOK6BTN+gsyRRVevkFViFYm8MU07KGlMeeSg/kBdO6cazt7Exr7NhNISX2w09UjhaBVFIKFMvRHkRang5s3A4mvF0FP4RQUJHNQhCVLU4PyI5GLxHe30WnxnnSZe1JJ7L1gdYkIjxxKswEB6xuPyu3A==
+JJFzh8uEeRQLuPbZKEaXQMWFidwPa6BTN+gsyRRVevkFVuFYm8MU07KGlMeeSg/kBdO6cazt7Exr7NhNISX2w09UjhaBVFIKFMvRHkRang5s3A4mvF0FP4RQUJHNQhCVLU4PyI5GLxHe30WnxnnSZe1JJ7L1gdYkIjxxKswEB6xuPyu3A==
uuq0NDmHoZrU82NMgxhxTHaba0Imdm8e9jQZMw5XlYS9amlbBBGxzgt7lkvC42aFv+PuMQfAMcuG26QeWAN8bSIXetOcSVQ33Rn7e1FxNpD9k0eZwLjIoRsAQkctVJvFoNBTN+KYSDWePPQFIxIF4eLK3hFqf3AdErStrz9G/Y1t431x9r7Z0m1wWlwTVCmkelb7nO6uzg==
yCr9M9v6kTs0DtVIi7G18e0sYlgHjnKlxWdoLaRHBjwjLEZ/0O7QUhTxIj3J+4XnTV1jMykNibP2gzJdY7OCmf9BRWNqC/hGjONIFR7nVrvIiYCfsakHwyXR4kihw2tx9Lj8STdQHp/59O99XGA/nzZYHF2yzMh9F/LRub4aMrke/4S1fuRxd2smyXVRk1GZIv6NeoHAJuTn9H38pobX9Nqu+g==
ZZwoNAupq+2FPXTreccggI1ZJSxj31pC5NoHNLGFyF/ZbZxRNnLU8uc07CJbfE5jJ9jVpOneuaNHWm6+z9l7N/4oiaHuurVgQXpsS2mGlZD9JBzw14VQHlz5KYEEycxnFTmDS7kxXgBl8w9p+LjwUVNg2tdFFHP12PCbZ3oY0GXW3Mx1C9KtcXpqliGSfwgt2hQ1P5cG1X1Vg7Whbj5BAiVQomx7lME04rYz7Nau9g==
ZZwoNAupq+2FPXTreccggI1ZJSxj31pC5NoHNLGFyF/ZbZxRNnLU8uc07CJbfE5jJ9jVpOneuaNHWm6+z9l7N/4oiaHuurVgQXpsS2mGlZD9JBzw14VQHlz5KYEEycxnFTmDS7kxXgBl8w9p+LjwUVNg2tdFFHP12PCbZ3oY0GXW3Mx1C9KtcXpqliGSfwgt2hQ1P5cG1X1Vg7Whbj5BAiVQomx7lME04rYz7Nau9g==
gNPoxLmfHzYju/9peTIU1Ds6mtPuN67597rLVeM1pFPbLF98/ME8gxqi/ITqQjp8u/GQDi2q+DMc6Er9UrzJBxZy0SFr4ZzLa2kp6h4NJlSCl+PXK66cWDvE3F8yfEmAIpEReBZzRBmPFzpavXcqDK9l1OYgCUWJYAlo77mJv3O9EZpY+WPjIRy4FBm/8EaPgTR3zeRAN+/e2LRtuiywjY8y6almerrpNv+sZfYEKWdTZlEFqfxZqYp+5YqJ4J5Uf7SF7H4mXySyrpI=
kEih8uUT8RkFELpOLTKW9U1kh+SoUgCTvkClJA54oSeYhWpZKy+zQpHNhZx0qh7H3T2dJcIB3qmWQ9oMeRWchkaJ/dOYp9dBuMAxMQoEYzAd/XX06bRQffl/ElX/xuUkoo121JQRlUGY4BalCaTaba8FR3A3B0C+YxNqWC2RNEul9AfvucUF6k12BVopj1riX8Jfw3hJ4xxE3wkWnBI/rwzmgfHIuWeJCFnbSOqcS93mO3eJH9G/NVDQQWRuVBeCkKjnxY6IIBpkF+LYTNAupVq+Gq2ujw==
foIsgyx9qmwgyVUzTfhU3zI1PeJlXyNlbwD8RQYuGm78hFtKTlg4/ZmcZHgomuH8IVF2qLN3wwf3l8hjasIWc9KxzK8UjzKp+quzoRXn/wG4DHMryQVOOEY9lbjM26MkNVlOaD2rTHjmafCEGtmNYks9LHKQTaS/vkFcjGNzcTbTUYPUEy3YXvfOA0i0QD0kJ7h0bvWA4K7A
hX1p76oAIef5GISOshtTGljgju6s7oV3+ZW8r5ZbIjrulbKFjcZSnbRr2KQ09mcH/JiG7meYqSF/WbADa9W3zasvhS+5hYWqTTaFmilP2iJfgt+DeAljXEQfidac0r/vDKYBsch550kImVsI6tzLneb790kfET/1UJDBJG4Ul0KQaGcFjsigWmRXYhhMEK5lWv6a7a7P
FcqxnHvCfPr29Qc6TflGjbJ7OCEcdigcIYxETcSvz14wdqMqZqTTwAf7PRZfmadFVzVkngtWR1jQCDHE67DQHvE4PK4c
ymGSAzfHjjdgfXoZcmj0ANqVjmQcPReX3h5wo93qrJy8fFN/x5sv6OnwNDJaLaqBm0ShSpzqG98nH30sxfH4NllD/sZ5pF13aFntSrPFmZOJqLUY4cD5iWZQ9xxLCfi/j/4cUU0srLSj/QSYdZsor6sLsHf/knpaNy+OpSODX2cTF0iexR6eMssQWZbTby5eLNgc+YbCHFaSl3Lgjueu+Q==
UK/ytdpmaPcaASjupmqFTO9G837/Zok4M5eOMbM5DmC2n3mD1RfQOQ+axhnDtZmDuI8L3sfbYYM0McE1SyEObSmzbJBRTX5O5JgyNuaGBC0fSGieO2FYgEqvD6sW2YXfLCL8c0tJxtFqN2KjNMk8B8V5M+spsS7gNTM/Sei44HFjoIo3NZTjVWiwSweKGOBFhhy8lZtSHdGqKmZBgn8YzarUZZ8nhkUdpc1lgV4+MeJ1kBLM6xQxVDL2A8zGruY=
GO1/mPkEA96BGRYNgvS6nEcCq/gKaXrFsNUj8l6uAKq1qARhs+sGcwPIQW0KSZTl3HgRHC5sx2oxgJfdDpDQMsR/suCMKP4NOtYqNa4X
wExeIa5BQHHewHBeqMXWRiTNiSLD5x3KpPwDjPijf1qjNifShNraDSgYDF3L3ufx5nB5u03rsaG8TxjA0u+1kf0wcmmQIEqrnsQUtnWm3jqbiDn+oxeuFjyAvFG2+tzeQo+SCH4frjE=
6S0KpS7hgM+GHAUwJ42u6peSluGwJCyyt8gk5gSq/NacW31bn1oVGkxq28iYjZmvKCxLNeaDFGHwznzMFeSY7bgHGy4Ers+qivznMFNTwbYDcZMVg40IXicuk4ikoO2k11iErgVgEK4w
H8xuRylPM9a/wFHLOwHIBMAFn2FFrSELs7IhGniC95jEVU0PXJS3hYorwKGkplA8KZysDWxfR/7oBrsqflSLYI+LldY3ia9lr2XcHnOGfzjYGBkEgwBYfikIJK4E
1OZF0LaXBThWOZX0Yi34KzOnjxSM7qoga1gVe4dKHRpEesPo8L1hb3B849Ve85zheH4EbP00wK2A9zNOHL7HqoLs/9B7I/l22yH7tXs9gN6v3ivoDHA15K9obI4dcBiuOA==
Gyr+0iI7iM9oM/RcQZhQSBqUoDG93Is6XFgVe4dKHRpEesPo8L1hb3B849Ve85zheH4EbP00wK2A9zNOHL7HqoLs/9B7I/l22yH7tXs9gN6v3ivoDHA15K9obI4dcBiuOA==
KIuQPNgr2sOsl5Q63lHbFjX4NIEU8NMGq4M5NqOa+gZ9EE7B35/OAF0t4I8iAcYCupRDSH5dPouNtqLCeWq8kMEoRV/HhuVdxUREQb4+kaIVEDIMCxSRFFJ2IwwmrgY=
AA90hsav6uzmM1dJQZz30Y1ZJSxj31pC5NoHNLGFyF/ZbZxRNnLU8uc07CJbfE5jJ9jVpOneuaNHWm6+z9l7N/4oiaHuurVgQXpsS2mGlZD9JBzw14VQHlz5KYEEycxnFTmDS7kxXgBl8w9p+LjwUVNg2tdFFHP12PCbZ3oY0GXW3Mx1C9KtcXpqliGSfwgt2hQ1P5cG1X1VhLShbj5BAiVQomx7lME04rYz7Nau9g==
pedkCFbl00idRwd2z7J4dz0yKF+CEo71CFcZQd+q8mwyNevWMBJuaTljQq4Pp/u9WneTHuyeowNVgczHwQwj0bW7PKUPwjW2Chx8Fs1a4ScFWqBC8RgwnEZZ3JUtoARCQp4EbWXuXEs7rsSFXOBQh/Ejm8IE/Hnk3ntolPP08EEDTOw73p0tVxhepz/QuD21BpIa4R8t4qkqy6PhhYcvgUhsg2s5Zb44tl1l+Dy7U6TlOd4oLcuceDbJ4MSK+V3iex2cMqDtFL8O4WxM01NBtoNxExwCjYhepy4TiCSgbaRXWASuhWCQrrA=
RLS+Y6aM9gh47RV1+/M6RR6xsbMxk8X0llc8/2MlUXl3fXP9THkp7egC7kp9dG9cOznVK8yPX5l6b5jR7tgLXY3RMOF3Xdar/t+yqPwGz7wwO+4Mtq/s98tPIVg2k7rLBI/R6HDTy7osRwHZZtcPaKngTplyxnRPyZsAZoJH2er2h6dzY4L3efxE23Xemh3/OEGNosM9GVuZcBUw0Xg5gbbIF3S7cfj3H6Y8+f0U7Dzz5WRwBWOoZ7vTEF/PKrpS57duzdP7Xy+DT2g2dSbeupsIMH+jl66WPAC80bZ63F5CD5KIfp+usQ==
cBne6HcZnjQu9+zWV79U2S50e4CMDQdKIBEjEWTHTdwN+8YNj8eatjeE0YFmmsgs6z3UgwpVbYZuGTAXn2EVfCFSd/W5+3NNG+4kBTwgcIfR4zBH47wZ5P47yBSTtBBBY4xMu35dTVf4Hge/cPjdtWZS+mG/7cKpygvDYSXHD4FoLGPrWaWeOJadBXjc+3OkxXl+qE0LfHgWCUBEajk94ptdPLIArfS/biHMzHOTIbZjMXOcos2oXsdu8wiEYE2kd5hkLmUgsK6Q
883KDOwX4zL7lBLx4wMUL4az72uldUfwtbBJ8foStx5ApPrEmjFPg88H3/DyLH65Y/MfM5DjojTcNLcs+v1HIbnf6b5VVrR2kddtEdNrYim4jAPSNR6nliHHVyVMkWed2ZZy6eod+K35lmTZy7wgNRn2lgIhHvUrh0fGrBTpJQm46Ab9SXxK5c/Nt0g3P7B2A5v6gG3JJEOFvLcXOb21Im1+FYLp18pqv4ov+3hxk1SkV5lOXMovpywuMYlIQdfBKFHLEKpE21WG84exH+lP/TBY0bwuDAeKuOFXPQ7wkNJEH/IAjIi+Lbr2apWutw==
9TDu2CvTfdWOglS81D9/TYaz72uldUfwtbBJ8foStx5ApPrEmjFPg88H3/DyLH65Y/MfM5DjojTbNrcs+v1HIbnf6L5VVrR2kddtEdNrYim4jAPSNR6nliHHVyVMkWed2ZZy6eod+K35lmTZy7wgNRn2lgIhHvUrh0fGrBTpJQm46Ab9SXxK5c/Nt0g3P7B2A5v6gG3JJEOFvLcXOb21Im1+FYLp18pqv4ov+3hxk1SkV5lOXMovpywuMYlIQdfBKFHLEKpE21WG84exH+lP/TBY0bwuDAeKuOFXPQ7wkNJEH/IAjIi+Lbr2apWutw==
aIVxrPo7CAGoK3uDu2e8nIaz72uldUfwtbBJ8foStx5ApPrEmjFPg88H3/DyLH65Y/MfM5DjojTcNLcs+v1HIbnf575VVrR2kddtEdNrYim4jAPSNR6nliHHVyVMkWed2ZZy6eod+K35lmTZy7wgNRn2lgIhHvUrh0fGrBTpJQm46Ab9SXxK5c/Nt0g3P7B2A5v6gG3JJEOFvLcXOb21Im1+FYLp18pqv4ov+3hxk1SkV5lOXMovpywuMYlIQdfBKFHLEKpE21WG84exH+lP/TBY0bwuDAeKuOFXPQ7wkNJEH/IAjIi+Lbr2apWutw==
vZ0+uetdrOSSvLxSDTqu9Iaz72uldUfwtbBJ8foStx5ApPrEmjFPg88H3/DyLH65Y/MfM5DjojTbNrcs+v1HIbnf5r5VVrR2kddtEdNrYim4jAPSNR6nliHHVyVMkWed2ZZy6eod+K35lmTZy7wgNRn2lgIhHvUrh0fGrBTpJQm46Ab9SXxK5c/Nt0g3P7B2A5v6gG3JJEOFvLcXOb21Im1+FYLp18pqv4ov+3hxk1SkV5lOXMovpywuMYlIQdfBKFHLEKpE21WG84exH+lP/TBY0bwuDAeKuOFXPQ7wkNJEH/IAjIi+Lbr2apWutw==
j6WU2IF37k+vQx2m+kg0C4az72uldUfwtbBJ8foStx5ApPrEmjFPg88H3/DyLH65Y/MfM5DjojTcNLcs+v1HIbnf5b5VVrR2kddtEdNrYim4jAPSNR6nliHHVyVMkWed2ZZy6eod+K35lmTZy7wgNRn2lgIhHvUrh0fGrBTpJQm46Ab9SXxK5c/Nt0g3P7B2A5v6gG3JJEOFvLcXOb21Im1+FYLp18pqv4ov+3hxk1SkV5lOXMovpywuMYlIQdfBKFHLEKpE21WG84exH+lP/TBY0bwuDAeKuOFXPQ7wkNJEH/IAjIi+Lbr2apWutw==
NJxbCbQnZQ9Re2ILL50mCYaz72uldUfwtbBJ8foStx5ApPrEmjFPg88H3/DyLH65Y/MfM5DjojTbNrcs+v1HIbnf5L5VVrR2kddtEdNrYim4jAPSNR6nliHHVyVMkWed2ZZy6eod+K35lmTZy7wgNRn2lgIhHvUrh0fGrBTpJQm46Ab9SXxK5c/Nt0g3P7B2A5v6gG3JJEOFvLcXOb21Im1+FYLp18pqv4ov+3hxk1SkV5lOXMovpywuMYlIQdfBKFHLEKpE21WG84exH+lP/TBY0bwuDAeKuOFXPQ7wkNJEH/IAjIi+Lbr2apWutw==
X8UBvRvuJLHqQLHKr4UAtIaz72uldUfwtbBJ8foStx5ApPrEmjFPg88H3/DyLH65Y/MfM5DjojTcNLcs+v1HIbnf475VVrR2kddtEdNrYim4jAPSNR6nliHHVyVMkWed2ZZy6eod+K35lmTZy7wgNRn2lgIhHvUrh0fGrBTpJQm46Ab9SXxK5c/Nt0g3P7B2A5v6gG3JJEOFvLcXOb21Im1+FYLp18pqv4ov+3hxk1SkV5lOXMovpywuMYlIQdfBKFHLEKpE21WG84exH+lP/TBY0bwuDAeKuOFXPQ7wkNJEH/IAjIi+Lbr2apWutw==
j0bI0ahO+4iWn6A6LHRbrYaz72uldUfwtbBJ8foStx5ApPrEmjFPg88H3/DyLH65Y/MfM5DjojTbNrcs+v1HIbnf4r5VVrR2kddtEdNrYim4jAPSNR6nliHHVyVMkWed2ZZy6eod+K35lmTZy7wgNRn2lgIhHvUrh0fGrBTpJQm46Ab9SXxK5c/Nt0g3P7B2A5v6gG3JJEOFvLcXOb21Im1+FYLp18pqv4ov+3hxk1SkV5lOXMovpywuMYlIQdfBKFHLEKpE21WG84exH+lP/TBY0bwuDAeKuOFXPQ7wkNJEH/IAjIi+Lbr2apWutw==
nYraPx16/A7clwYkSSQlrIaz72uldUfwtbBJ8foStx5ApPrEmjFPg88H3/DyLH65Y/MfM5DjojTcNLcs+v1HIbnf4b5VVrR2kddtEdNrYim4jAPSNR6nliHHVyVMkWed2ZZy6eod+K35lmTZy7wgNRn2lgIhHvUrh0fGrBTpJQm46Ab9SXxK5c/Nt0g3P7B2A5v6gG3JJEOFvLcXOb21Im1+FYLp18pqv4ov+3hxk1SkV5lOXMovpywuMYlIQdfBKFHLEKpE21WG84exH+lP/TBY0bwuDAeKuOFXPQ7wkNJEH/IAjIi+Lbr2apWutw==
/REaMlSqLme4sxMVExcFs4az72uldUfwtbBJ8foStx5ApPrEmjFPg88H3/DyLH65Y/MfM5DjojTbNrcs+v1HIbnf4L5VVrR2kddtEdNrYim4jAPSNR6nliHHVyVMkWed2ZZy6eod+K35lmTZy7wgNRn2lgIhHvUrh0fGrBTpJQm46Ab9SXxK5c/Nt0g3P7B2A5v6gG3JJEOFvLcXOb21Im1+FYLp18pqv4ov+3hxk1SkV5lOXMovpywuMYlIQdfBKFHLEKpE21WG84exH+lP/TBY0bwuDAeKuOFXPQ7wkNJEH/IAjIi+Lbr2apWutw==
+zeH6m2cHSjCdtKQmyhN+Iaz72uldUfwtbBJ8foStx5ApPrEmjFPg88H3/DyLH65Y/MfM5DjojTcNLcs+v1HIbnf6b9VVrR2kddtEdNrYim4jAPSNR6nliHHVyVMkWed2ZZy6eod+K35lmTZy7wgNRn2lgIhHvUrh0fGrBTpJQm46Ab9SXxK5c/Nt0g3P7B2A5v6gG3JJEOFvLcXOb21Im1+FYLp18pqv4ov+3hxk1SkV5lOXMovpywuMYlIQdfBKFHLEKpE21WG84exH+lP/TBY0bwuDAeKuOFXPQ7wkNJEH/IAjIi+Lbr2apWutw==
7UsN04rR/CtkKFI8F6kAxIaz72uldUfwtbBJ8foStx5ApPrEmjFPg88H3/DyLH65Y/MfM5DjojTbNrcs+v1HIbnf6L9VVrR2kddtEdNrYim4jAPSNR6nliHHVyVMkWed2ZZy6eod+K35lmTZy7wgNRn2lgIhHvUrh0fGrBTpJQm46Ab9SXxK5c/Nt0g3P7B2A5v6gG3JJEOFvLcXOb21Im1+FYLp18pqv4ov+3hxk1SkV5lOXMovpywuMYlIQdfBKFHLEKpE21WG84exH+lP/TBY0bwuDAeKuOFXPQ7wkNJEH/IAjIi+Lbr2apWutw==
dgTn2QWJnPQkhgBnOvVOnYaz72uldUfwtbBJ8foStx5ApPrEmjFPg88H3/DyLH65Y/MfM5DjojTcNLcs+v1HIbnf579VVrR2kddtEdNrYim4jAPSNR6nliHHVyVMkWed2ZZy6eod+K35lmTZy7wgNRn2lgIhHvUrh0fGrBTpJQm46Ab9SXxK5c/Nt0g3P7B2A5v6gG3JJEOFvLcXOb21Im1+FYLp18pqv4ov+3hxk1SkV5lOXMovpywuMYlIQdfBKFHLEKpE21WG84exH+lP/TBY0bwuDAeKuOFXPQ7wkNJEH/IAjIi+Lbr2apWutw==
9gesJE8DZ7TYzpj7doTcgIaz72uldUfwtbBJ8foStx5ApPrEmjFPg88H3/DyLH65Y/MfM5DjojTbNrcs+v1HIbnf5r9VVrR2kddtEdNrYim4jAPSNR6nliHHVyVMkWed2ZZy6eod+K35lmTZy7wgNRn2lgIhHvUrh0fGrBTpJQm46Ab9SXxK5c/Nt0g3P7B2A5v6gG3JJEOFvLcXOb21Im1+FYLp18pqv4ov+3hxk1SkV5lOXMovpywuMYlIQdfBKFHLEKpE21WG84exH+lP/TBY0bwuDAeKuOFXPQ7wkNJEH/IAjIi+Lbr2apWutw==
2Tlag1cQWdhFpfZijARM+JIUQepHrc1fW6mqvhHsTW0V10Qz6Me1J5xkA0QQJp5BLPGxDnSIrNO7/tg6INYeBK6It3uDCcDyq+3tBfE8u81tSoTxFWe56zUUgX6XI9vbf7nZ6NzmVJAXAbxNkUvPyYx9f5HpuiqlipFgAUlavDXLUPj5qVsagV9SrQ62S95A1AW9hQhEXrEpcFLJ/wFvpLfTaLozt+KMDYV87zUwL/v5Ua0uXVJNzolbUsYPRvcXeJ1LmBT7AcI8hneLHCIpZYitT02Y/ZNcykjDebY/X12fBZcxAHTJsE5AXyYIbc/RzhyI3nQzqkzsBCaBCjqyea5b
RdPueo37LtLJMEKEFSxOUoaz72uldUfwtbBJ8foStx5ApPrEmjFPg88H3/DyLH65Y/MfM5DjojTbNrcs+v1HIbnf5b9VVrR2kddtEdNrYim4jAPSNR6nliHHVyVMkWed2ZZy6eod+K35lmTZy7wgNRn2lgIhHvUrh0fGrBTpJQm46Ab9SXxK5c/Nt0g3P7B2A5v6gG3JJEOFvLcXOb21Im1+FYLp18pqv4ov+3hxk1SkV5lOXMovpywuMYlIQdfBKFHLEKpE21WG84exH+lP/TBY0bwuDAeKuOFXPQ7wkNJEH/IAjIi+Lbr2apWutw==
dWLUjBzrItqrPKv/vMMRxX5x2AdY1YmoInzBn8SUzyHTyl2mA1jxjZ6m0/YDoQXrvqXr0T/B6ScWYSVK9g3odbEvTanPRzf20FmUcY9Hqmdjs1I91/jzSpt/ePYKzeZ5SjzcrV4dX8S+krhaNgUH2kZLIZqm7W4kqldLR+lKhgjjRIQPKlwBEMpReUje0zypdxdC6kXXYjxHJbx26CldWbiJMD+h6ffjFVGyqDEDW9EkuCzpB5COf6l0312sIC8/hlhsvaIMeB3ncgGZLtpCWU7/VNWOpOFXO6a5leHUQPnS/j3akQBWxNd0rZw2xudUiq6q
2Tlag1cQWdhFpfZijARM+JIUQepHrc1fW6mqvhHsTW0V10Qz6Me1J5xkA0QQJp5BLPGxDnSIrNO7/tg6INYeBK6It3uDCcDyq+3tBfE8u81tSoTxFWe56zUUgX6XI9vbf7nZ6NzmVJAXAbxNkUvPyYx9f5HpuiqlipFgAUlavDXLUPj5qVsagV9SrQ62S95A1AW9hQhEXrEpcFLJ/wFvpLfTaLozt+KMDYV87zUwL/v5Ua0uXVJNzolbUsYPRvcXeJ1LmBT7AcI8hneLHCIpZYitT02Y/ZNcykjDebY/X12fBZcxAHTJsE5AXyYIbc/RzhyI3nQzqkzsBCaBCjqyea5b
dWLUjBzrItqrPKv/vMMRxX5x2AdY1YmoInzBn8SUzyHTyl2mA1jxjZ6m0/YDoQXrvqXr0T/B6ScWYSVK9g3odbEvTanPRzf20FmUcY9Hqmdjs1I91/jzSpt/ePYKzeZ5SjzcrV4dX8S+krhaNgUH2kZLIZqm7W4kqldLR+lKhgjjRIQPKlwBEMpReUje0zypdxdC6kXXYjxHJbx26CldWbiJMD+h6ffjFVGyqDEDW9EkuCzpB5COf6l0312sIC8/hlhsvaIMeB3ncgGZLtpCWU7/VNWOpOFXO6a5leHUQPnS/j3akQBWxNd0rZw2xudUiq6q
2Tlag1cQWdhFpfZijARM+JIUQepHrc1fW6mqvhHsTW0V10Qz6Me1J5xkA0QQJp5BLPGxDnSIrNO7/tg6INYeBK6It3uDCcDyq+3tBfE8u81tSoTxFWe56zUUgX6XI9vbf7nZ6NzmVJAXAbxNkUvPyYx9f5HpuiqlipFgAUlavDXLUPj5qVsagV9SrQ62S95A1AW9hQhEXrEpcFLJ/wFvpLfTaLozt+KMDYV87zUwL/v5Ua0uXVJNzolbUsYPRvcXeJ1LmBT7AcI8hneLHCIpZYitT02Y/ZNcykjDebY/X12fBZcxAHTJsE5AXyYIbc/RzhyI3nQzqkzsBCaBCjqyea5b
dWLUjBzrItqrPKv/vMMRxX5x2AdY1YmoInzBn8SUzyHTyl2mA1jxjZ6m0/YDoQXrvqXr0T/B6ScWYSVK9g3odbEvTanPRzf20FmUcY9Hqmdjs1I91/jzSpt/ePYKzeZ5SjzcrV4dX8S+krhaNgUH2kZLIZqm7W4kqldLR+lKhgjjRIQPKlwBEMpReUje0zypdxdC6kXXYjxHJbx26CldWbiJMD+h6ffjFVGyqDEDW9EkuCzpB5COf6l0312sIC8/hlhsvaIMeB3ncgGZLtpCWU7/VNWOpOFXO6a5leHUQPnS/j3akQBWxNd0rZw2xudUiq6q
2Tlag1cQWdhFpfZijARM+JIUQepHrc1fW6mqvhHsTW0V10Qz6Me1J5xkA0QQJp5BLPGxDnSIrNO7/tg6INYeBK6It3uDCcDyq+3tBfE8u81tSoTxFWe56zUUgX6XI9vbf7nZ6NzmVJAXAbxNkUvPyYx9f5HpuiqlipFgAUlavDXLUPj5qVsagV9SrQ62S95A1AW9hQhEXrEpcFLJ/wFvpLfTaLozt+KMDYV87zUwL/v5Ua0uXVJNzolbUsYPRvcXeJ1LmBT7AcI8hneLHCIpZYitT02Y/ZNcykjDebY/X12fBZcxAHTJsE5AXyYIbc/RzhyI3nQzqkzsBCaBCjqyea5b
dWLUjBzrItqrPKv/vMMRxX5x2AdY1YmoInzBn8SUzyHTyl2mA1jxjZ6m0/YDoQXrvqXr0T/B6ScWYSVK9g3odbEvTanPRzf20FmUcY9Hqmdjs1I91/jzSpt/ePYKzeZ5SjzcrV4dX8S+krhaNgUH2kZLIZqm7W4kqldLR+lKhgjjRIQPKlwBEMpReUje0zypdxdC6kXXYjxHJbx26CldWbiJMD+h6ffjFVGyqDEDW9EkuCzpB5COf6l0312sIC8/hlhsvaIMeB3ncgGZLtpCWU7/VNWOpOFXO6a5leHUQPnS/j3akQBWxNd0rZw2xudUiq6q
2Tlag1cQWdhFpfZijARM+JIUQepHrc1fW6mqvhHsTW0V10Qz6Me1J5xkA0QQJp5BLPGxDnSIrNO7/tg6INYeBK6It3uDCcDyq+3tBfE8u81tSoTxFWe56zUUgX6XI9vbf7nZ6NzmVJAXAbxNkUvPyYx9f5HpuiqlipFgAUlavDXLUPj5qVsagV9SrQ62S95A1AW9hQhEXrEpcFLJ/wFvpLfTaLozt+KMDYV87zUwL/v5Ua0uXVJNzolbUsYPRvcXeJ1LmBT7AcI8hneLHCIpZYitT02Y/ZNcykjDebY/X12fBZcxAHTJsE5AXyYIbc/RzhyI3nQzqkzsBCaBCjqyea5b
dWLUjBzrItqrPKv/vMMRxX5x2AdY1YmoInzBn8SUzyHTyl2mA1jxjZ6m0/YDoQXrvqXr0T/B6ScWYSVK9g3odbEvTanPRzf20FmUcY9Hqmdjs1I91/jzSpt/ePYKzeZ5SjzcrV4dX8S+krhaNgUH2kZLIZqm7W4kqldLR+lKhgjjRIQPKlwBEMpReUje0zypdxdC6kXXYjxHJbx26CldWbiJMD+h6ffjFVGyqDEDW9EkuCzpB5COf6l0312sIC8/hlhsvaIMeB3ncgGZLtpCWU7/VNWOpOFXO6a5leHUQPnS/j3akQBWxNd0rZw2xudUiq6q
2Tlag1cQWdhFpfZijARM+JIUQepHrc1fW6mqvhHsTW0V10Qz6Me1J5xkA0QQJp5BLPGxDnSIrNO7/tg6INYeBK6It3uDCcDyq+3tBfE8u81tSoTxFWe56zUUgX6XI9vbf7nZ6NzmVJAXAbxNkUvPyYx9f5HpuiqlipFgAUlavDXLUPj5qVsagV9SrQ62S95A1AW9hQhEXrEpcFLJ/wFvpLfTaLozt+KMDYV87zUwL/v5Ua0uXVJNzolbUsYPRvcXeJ1LmBT7AcI8hneLHCIpZYitT02Y/ZNcykjDebY/X12fBZcxAHTJsE5AXyYIbc/RzhyI3nQzqkzsBCaBCjqyea5b
dWLUjBzrItqrPKv/vMMRxX5x2AdY1YmoInzBn8SUzyHTyl2mA1jxjZ6m0/YDoQXrvqXr0T/B6ScWYSVK9g3odbEvTanPRzf20FmUcY9Hqmdjs1I91/jzSpt/ePYKzeZ5SjzcrV4dX8S+krhaNgUH2kZLIZqm7W4kqldLR+lKhgjjRIQPKlwBEMpReUje0zypdxdC6kXXYjxHJbx26CldWbiJMD+h6ffjFVGyqDEDW9EkuCzpB5COf6l0312sIC8/hlhsvaIMeB3ncgGZLtpCWU7/VNWOpOFXO6a5leHUQPnS/j3akQBWxNd0rZw2xudUiq6q
2Tlag1cQWdhFpfZijARM+JIUQepHrc1fW6mqvhHsTW0V10Qz6Me1J5xkA0QQJp5BLPGxDnSIrNO7/tg6INYeBK6It3uDCcDyq+3tBfE8u81tSoTxFWe56zUUgX6XI9vbf7nZ6NzmVJAXAbxNkUvPyYx9f5HpuiqlipFgAUlavDXLUPj5qVsagV9SrQ62S95A1AW9hQhEXrEpcFLJ/wFvpLfTaLozt+KMDYV87zUwL/v5Ua0uXVJNzolbUsYPRvcXeJ1LmBT7AcI8hneLHCIpZYitT02Y/ZNcykjDebY/X12fBZcxAHTJsE5AXyYIbc/RzhyI3nQzqkzsBCaBCjqyea5b
dWLUjBzrItqrPKv/vMMRxX5x2AdY1YmoInzBn8SUzyHTyl2mA1jxjZ6m0/YDoQXrvqXr0T/B6ScWYSVK9g3odbEvTanPRzf20FmUcY9Hqmdjs1I91/jzSpt/ePYKzeZ5SjzcrV4dX8S+krhaNgUH2kZLIZqm7W4kqldLR+lKhgjjRIQPKlwBEMpReUje0zypdxdC6kXXYjxHJbx26CldWbiJMD+h6ffjFVGyqDEDW9EkuCzpB5COf6l0312sIC8/hlhsvaIMeB3ncgGZLtpCWU7/VNWOpOFXO6a5leHUQPnS/j3akQBWxNd0rZw2xudUiq6q
dWLUjBzrItqrPKv/vMMRxX5x2AdY1YmoInzBn8SUzyHTyl2mA1jxjZ6m0/YDoQXrvqXr0T/B6ScWYSVK9g3odbEvTanPRzf20FmUcY9Hqmdjs1I91/jzSpt/ePYKzeZ5SjzcrV4dX8S+krhaNgUH2kZLIZqm7W4kqldLR+lKhgjjRIQPKlwBEMpReUje0zypdxdC6kXXYjxHJbx26CldWbiJMD+h6ffjFVGyqDEDW9EkuCzpB5COf6l0312sIC8/hlhsvaIMeB3ncgGZLtpCWU7/VNWOpOFXO6a5leHUQPnS/j3akQBWxNd0rZw2xudUiq6q
5mfoK3/ckL+R5jz4Ok/OlWh/rzKfm+vRV6DA/ViKCKAvbED+jE+egZbCkQ7Dsm2EKAEkqcHZSfA10qEn+VzUT37G4WvWI0Wdfq3g3zC+FKRRZlrxiSdjh0hO1bg9KIfb3EcPebpcaIL1MAN3W3i60sgbWP5vFLRhnHsGq4thYoKsVCHk2C1jUDWxqDfXB6u9jfNZGJijqZPGh57Lu1e4fW6UoOTNBIPb8yoKiwiyN3d0WQH7sI0rURab2tP3Nk/EREcfrRDTnFgr/fsGu38RoiB0yT+TCVjLsOgtlEMocRN9Ge0a2IQeV/JFtO80M1vcxbcfZSch4DH4/ukHhoCdnOgH0UYSwZSHW2k5nE2ac4VdQy9NR1bAdTn8E3n96/bYRGRlJEJjLATXPHxhT8TIC1qlEdckZiMP9DDxlYraPnHbNX7pNlNn8WHPI+GEZGcbPR1COEolYYjYs5/E6XE6OOlTgDiq0SRUrrHRwreVuAIk1Sg/MtnofPfbDZYPuTeMRpUUnru2V5hAaGFEG1BgXoGY7K7M
Zp+Rf7hU6lOxyzHQrdVtdo8Ljcr8eP8TQAAzwpgtFOJ7NfOdmZ3npRAMFhuZxTEaLgP9cXbc2uutWLPT28k16XWBP3DK2YHLCSK5X1PLh0WMy2hoIBkxRP3U8xngLhCYSihHNfGc6QfW7wZ0roiPzurFflH9+54CrmO1LTVdY06jLf7lgtLUhUdEtNSPwy/i9bSx9PVaGJW53qfXaaWj3nVXoUfi8zQwzsSfsvTBM13giJut/2JbHXe8xWcVQVtytMB4zdGs3Y15e/yKg1DeTs1O7pmyCn/eU28/YcZWvGbKXg8UL/4K5Y4ZU/Nbv5chIaTw3NE8hcobt2XJMDJPw8JSYCFRovbPKzPjOtfSBPjo7AmkxazNysw3waiSqJEYSZmE7ZK2dD8p68AWYjdZmhb3ZwOD8vcJHDQbBT7qnY/YMU3SI00ZK3kA1UAxCLnxVrjXBFsB+If/1vyJHWRsTBOVpADlE6gXW6PQLy9aOiIHx669M4tfX2M/qEaVVl7Ke3jwD0PnrubccHyhVgpcLqJ/Uvie767B
JZDCsVKATR2wdkrFoQ0/CGCPrIiMeOSrpdUSlB4Jd391iIGWfrWIA8hi96ZNYe7ULl8t8DRXF0fwBTEkdF2wqvj7po6YKJQp3m323zMFRvlPnTMgardattSQzhnzZcDRXi8OwipcbxrkcTdbXX92MutIg1Q5I2I7MZmEIFZ6S0y9h+UEhCr2Z2Y+0WgKmSIHOFu1HVx6EiifBGZRXagLzZbHaXsVRTOPZxim3xdrePsgO4UrhoVQ6B4Ec3g9I81WNHs2zomPyiW/O47xFako52QjSUrxPHo7IU0uryKglYFF9oUDL1oeCHe/LXVmM46UE2T9VM/rw2XT+ub4IK9MOQofik9lJPvLIaWZXV7JRoLX97j8o2RWe2+mrL2qf2UVB2zz5s194z8RTXkqfo2HgK2Jw5fIIHoY28T8H5L86UBCkXG4dvPk2a8XGhod98pMT2U0poCJ5UlACQgv2Qnfs50RuhhZ4wNh/Lj0WV9w5s+hNFcNhMBXL77YlK0arBDNbzIJ6Yb6GqkW/4ylVoRJpzNmMcUJdPjpqn4FymlgfhRftKUs3qY/5NKu8g==
/7Jf/KfFEfjzWRpQpTb8XxPCAhZ7VcBePUVG0ymIhJHq/AAFCP5tDs1V4SN90bY7BeP97GPZxdWsb/WfpfSBOxBQWFtofc0/nDoLWy9Wua2T9kVclrfD6WSlQBlnJqm7C5dn0QRnmKxYJTFwlRgjvXiysMwCxHcxyWCpc35jlhB2VO/a4ukOFQVHHrZGL+UJLUFDmmtBTmE6rhRxb0ikMNefz3Z9GEEwjWYYodESd3PxOQOKPbuRQ9oPdERmSA/WLB1TSeik6+kH3tupn/CVQw1de6Z8rMhJadAdeVF37G7bDD7aReIeXco2f+o7o+/FXsocMoKyPxAXAkqRJpXDl4Nj9zUpiICYKYAFfvP7Ne0oLm8XCj7QpeneNjsDP/Pej47kbGBA+WC9kM3+pPsRDAo0MUwBdbTpqko0S4FnUHK66zmOHtsXR3tOd730eEshJva9WxBd/VabMdnfUQzFpGlUWWXeFCfAIz34s5caLC2F+MwYW3mUBN3v6GPzL0BL94ZaNg/r3vnLN9/ri3P4Yo1Kfh6zFECL+5tuEvR8bEUOVry6KtOiPObTrvU=
A+83rXZGEJwuKHahggx7ZrwgN/6gRZQyNGBQkn7jrAEQCPfhNKmAB/51d2f8IPT+g040pnucgNqboE/EvLUUI4IDGKKbA1573dVd+W7/NTs43krdazcAB+B/y7zRFZ/l90d47RDS3Kex9hliuzMMIAC6nm4fr20CSdUSuS5+oua/DF6jxqtBhV7wihW9xxkTs6w3q2Y/3ow0l0NSXB7Dbd9ggRJJzolkGKfd6G99BSszfCGReV3+7RRiihI3OHgvgx/UbqPXw5wbb9NKTQ25jwsQoMZglw1yvR/97ZTAT36uTDloliNOtP9st9l3SypYrEQeGFeOs2CqN0pPe/lX0afjlcJIJm1CRTg/wW0jHHyfIVbU+PsN/BbdLyUL8Jt89HqcSvGeuZLN+KgBCQL+JgG6HV9c946oVG1tPWic7tnp2CIRX3m/DLd7uMKTb5Ikze3MN1WI/5N5uf2WvQr9Jsnzop6vvqe/eDUbYLSj8Wp8bsfT/Jp5jQjFn/X4JSM0CuCzoRZHj/WfrUdJoKy5GI4o7/5h1R+5TvTYZpRrGqSsrNbZqsLi0a7z
A+83rXZGEJwuKHahggx7ZrwgN/6gRZQyNGBQkn7jrAEQCPfhNKmAB/51d2f8IPT+g040pnucgNqboE/EvLUUI4IDGKKbA1573dVd+W7/NTs43krdazcAB+B/y7zRFZ/l90d47RDS3Kex9hliuzMMIAC6nm4fr20CSdUSuS5+oua/DF6jxqtBhV7wihW9xxkTs6w3q2Y/3ow0l0NSXB7Dbd9ggRJJzolkGKfd6G99BSszfCGReV3+7RRiihI3OHgvgx/UbqPXw5wbb9NKTQ25jwsQoMZglw1yvR/97ZTAT36uTDloliNOtP9st9l3SypYrEQeGFeOs2CqN0pPe/lX0afjlcJIJm1CRTg/wW0jHHyfIVbU+PsN/BbdLyUL8Jt89HqcSvGeuZLN+KgBCQL+JgG6HV9c946oVG1tPWic7tnp2CIRX3m/DLd7uMKTb5Ikze3MN1WI/5N5uf2WvQr9Jsnzop6vvqe/eDUbYLSj8Wp8bsfT/Jp5jQjFn/X4JSM0CuCzoRZHj/WfrUdJoKy5GI4o7/5h1R+5TvTYZpRrGqSsrNbZqsLi0a7z
B6OBoY/ZNgUIMwFsa9zBgrdYHG2maDVWLZ/aXD+O3IplyiwYMmOEC7XmhRcovUGrRcNcd0i1NG7K/9Eb19I1G9xYGWk7qxbDNXSmWRwISaui7Vieu2vPDeNbhApkh9Au7YxadRgXbVC4uirUN8fE96Wf/CawoJkkz39xuXubzSv5Ac2enUJtvgnrstZPNlfHeE3r6FTr4XK89leb3JJJNYh9r/3Y7bOsSvijaXbP/w2fVTfBwGSpAM6wfzZL2S8OzkzobrQjijxstMaRSkoSqa6L
vUX7mE+CBAYVxBHtMuA5pGIaPKz68U6+s7uPQiaMhHKxbcWgqfs1rTwRZRjZ5zSsguoQLFbe14n3HK5p6Gc60Qzz4HL1AwO1YtElArpjFAZNqaLrVJSjVdt/0034EEzpNAyNanZf4ElZguiM9q7/CYA1ZdkwbOhezZY/Kc1jEzVpSVmnoXQl3JksmR0ubMe400X4y2dizFV1gAxgqwF0fC2XaBsDV6AzB/6aTv+TPoE7T9+TewsYGn0yvmZDbKP3C+zuagQEjD3+LnzC2qtCRBarro0=
+XUZ9cqWqjwVuCe+DlwtvMrmgzagdknn82RFyFPR0nlDamTtXZXa9uENv3+wlUppGbO3/vFDXMH8JAsx9klCo2NzxWv2jz6YSK2NPN6Qhc8oImzaET/uUfZr0g6d2BqmvX39yMqM4sP7QCOQM1tqYpQFPp7JFAVnf2eWGw6n5huYidB/wWkXI3VRUmiRg/sRBLgMKacQLr9JdL+dTKBPf2ZYTP0CjNhdx3Ih2U5aohku/7QV7iQBlxummVVBV+Q5/f5dGnGANoQ3dM3clkZHFKquig==
oQBGXKMcfwAnFUeS5Dga8Mrmgzagdknn82RFyFPR0nlDamTtXZXa8OENv3+2lUppGbO3/vFDXMH8JAsx2l5Cqn990mv2jz6YSK2NPN6Qhc8oImzaET/uUfZr0g6d2BqmvX39yMqM4sP7QCOQM1tqYpQFPp7JFAVnf2eWGw6n5huYidB/wWkXI3VRUmiRg/sRBLgMKacQLr9JdL+dTKBPf2ZYTP0CjNhdx3Ih2U5aohku/7QV7iQBlxummVVBV+Q5/f5dGnGANoQ3dM3clkZHFKquig==
OeOkhJHpv4e3bpF7oTGWADK9RxRvrFaG7XR3n9Pu9lu9kKUG6whEW3GKfr2nohbG2HpYcOSbcXgtV75MyxDdhCSlTxjhR5CXCPRenZsw6IiDwy4iatYXJ9hd4FvEYqvAfIqbHdvkrFTUry1wdVwFA6wu0sV40g9Ms6sp10B3uH+Atz7pdtOn8aFP4+HE5CcbfZ2COIqlIYiYM9/EKfH6OCnTwDjqUWRUbjERwncV+AJkVWg/8lkofDdbTZZPOXePghXbnns2F5gA6CFE29CgXkEYrK6M
B8Crm52DCc5RHNMUW2X8Gsrmgzagdknn82RFyFPR0nlDamTtXZXa8OENv3+2lUppGbO3/vFDXMH8JAsx9klCvX5yz2v2jz6YSK2NPN6Qhc8oImzaET/uUfZr0g6d2BqmvX39yMqM4sP7QCOQM1tqYpQFPp7JFAVnf2eWGw6n5huYidB/wWkXI3VRUmiRg/sRBLgMKacQLr9JdL+dTKBPf2ZYTP0CjNhdx3Ih2U5aohku/7QV7iQBlxummVVBV+Q5/f5dGnGANoQ3dM3clkZHFKquig==
D+lRNcGfcUKj1YmMLAgAwDK9RxRvrFaG7XR3n9Pu9lu9kKUG6whEXXGKfr2hohbG2HpYcOSbcXgtV75M2hbfkSCxTxjhR5CXCPRenZsw6IiDwy4iatYXJ9hd4FvEYqvAfIqbHdvkrFTUry1wdVwFA6wu0sV40g9Ms6sp10B3uH+Atz7pdtOn8aFP4+HE5CcbfZ2COIqlIYiYM9/EKfH6OCnTwDjqUWRUbjERwncV+AJkVWg/8lkofDdbTZZPOXePghXbnns2F5gA6CFE29CgXkEYrK6M
pF6PKcI+k/o6mLPjTSpLWLdYHG2maDVWLZ/aXD+O3IplyiwYMmOEDaS+3Qc+thX0QsBJXg7Wcyzdp8Zb0+AyDclFGWk7qxbDNXSmWRwISaui7Vieu2vPDeNbhApkh9Au7YxadRgXbVC4uirUN8fE96Wf/CawoJkkz39xuXubzSv5Ac2enUJtvgnrstZPNlfHeE3r6FTr4XK89leb3JJJNYh9r/3Y7bOsSvijaXbP/w2fVTfBwGSpAM6wfzZL2S8OzkzobrQjijxstMaRSkoSqa6L
dZLu52wSAg5aPGfyGdCvVLdYHG2maDVWLZ/aXD+O3IplyiwYMmOEDaS+3Qc+thX0QsBJXg7Wcyzdp8Zb2vM4EMlHGWk7qxbDNXSmWRwISaui7Vieu2vPDeNbhApkh9Au7YxadRgXbVC4uirUN8fE96Wf/CawoJkkz39xuXubzSv5Ac2enUJtvgnrstZPNlfHeE3r6FTr4XK89leb3JJJNYh9r/3Y7bOsSvijaXbP/w2fVTfBwGSpAM6wfzZL2S8OzkzobrQjijxstMaRSkoSqa6L
1IC4PGzdbiyWHTMY6UJMWE2ep+gLeibegHJ+9kme/PYEjx0HkOxTsxNPEWGCPMW+9Syj0x9H1sOJ8HNVnOVFGVKcYGHAub65rTfz6Uo1BS5CdwT6Ra2i50xgk0kzW7OhwESc1XzITSau65CV8eZIII46b3UIseVVqBhYwqUy30V1t0OJoQ0Za/lA1YCxyLkx1njXRNtB+Md/lvxJnaRsjJNVpEBlU6hX2+PQ76+aOuKHB679s8tfH+N/qIYVll4K+7jzS8OorqZcMHxh1spc7iK/Urger66B
Vl83iIqA6OpL8AIY3zDuhkUz3ZV3LzCLFUX378fXn/xDL1mL+fwWNbUiuj1pp7AwXysFVofpXyj6heMeg6Yv+Gi46YQT4Ag+2Sg0rhQ=
oaI/Ptk49dx8wfCJbulIKFd4tORIV49R3K/B7fLp0FkoEiaQr7GsYC0dV1zzFH96Pci4sjFSc9yu6ZkspAldpJ3XJF5F3p7yS9BUU1OgLp6sGBw5BgIclhJXciAOJ645
SPifw7lGuIkMes8PiGQGJ0BX56FfOrbp8tKDuWiWwP6Fke489Ocb0If1DdlLPuTEYnhtgr7V3HdMR0AFa15rJkAxJKITvK29nwJpxDs6MwReYTlU9CFOs6mFRObVNl6qO9h0q4MIrgYc0PwBFmpcTuLf0lheD64h
oF5n5r5hiQMTw/hsolzWG+bXogHc0QId44u1HmUMYY3kvWEoKx4szXPKH0vrV6t5n7ufEBAtQw7s7jAPXKjZx2PmQaV5MIyJ9X5ValkgzjRvNHUMTmYvBCKuAg==
P82pSTd4Fi6/JyGqVhK67e3iz21R7vv1U0sM4ae0J/grWD+OFdSotkl+k4jmFSlIPIXdEHWLdJp9sr7mQ+ygdAts7uoEhIy9/q58QtorQsQWK64N
5ZTk9UMaEI4XkhRS2NPhRkQz3ZV3LzCLFUX378fXn/xDL1mL+fwWNbUiuj1pp7AwXysFVofpXyz5heMeg6Yv+Gi46YQT4Ag+2Sg0rhQ=
sQZ0pWMhmyDM7gWwZtJ6IPbN6ksqBKjd3H05mNO+hDz7Spf7g7cTCUd758DITWse5O44H3RIgZebphlVwVRnOX3+3RrxgLaEt3RN3BZGxxQqrgo=
k7iRsm5cs/pTXWRYmlzl6kcz3ZV3LzCLFUX378fXn/xDL1mL+fwWNbUiuj1pp7AwXysFVofpXyj5heMeg6Yv+Gi46YQT4Ag+2Sg0rhQ=
NxR2XP4dIgl5EOtJC6bLt+yBbQs7gou0D1FKza/0ZSbik10qMVflb6VlkcuxDH4VrVKiLn5TshC3W82Wzzn3iAEVW577NpeYgOihRFvQIF7BGCyuDA==
IFAhk/a6wSC0pL3DdKCozLwgN/6gRZQyNGBQkn7jrAEQCPfhNKmAB/51d2f8IPT+g040pnucgNqboE/EvLUUI4IDGKKbA1573dVd+W7/NTs43krdazcAB+B/y7zRFZ/l90d47RDS3Kex9hliuzMMIAC6nm4fr20CSdUSuS5+oua/DF6jxqtBhV7wihW9xxkTs6w3q2Y/3ow0l0NSXB7Dbd9ggRJJzolkGKfd6G99BSszfCGReV3+7RRiihI3OHgvgx/UbqPXw5wbb9NKTQ25jwsQoMZglw1yvR/97ZTAT36uTDloliNOtP9st9l3SypYrEQeGFeOs2CqN0pPe/lX0afjlcJIJm1CRTg/wW0jHHyfIVbU+PsN/BbdLyUL8Jt89HqcSvGeuZLN+KgBCQL+JgG6HV9c946oVG1tPWic7tnp2CIRX3m/DLd7uMKTb5Ikze3MN1WI/5N5uf2WvQr9Jsnzop6vvqe/eDUbYLSj8Wp8bsfT/Jp5jQjFn/X4JSM0CuCzoRZHj/WfrUdJoKy5GI4o7/5o0x+2TvTYZpRrGqSsrNbZqsLi0a7z
IFAhk/a6wSC0pL3DdKCozLwgN/6gRZQyNGBQkn7jrAEQCPfhNKmAB/51d2f8IPT+g040pnucgNqboE/EvLUUI4IDGKKbA1573dVd+W7/NTs43krdazcAB+B/y7zRFZ/l90d47RDS3Kex9hliuzMMIAC6nm4fr20CSdUSuS5+oua/DF6jxqtBhV7wihW9xxkTs6w3q2Y/3ow0l0NSXB7Dbd9ggRJJzolkGKfd6G99BSszfCGReV3+7RRiihI3OHgvgx/UbqPXw5wbb9NKTQ25jwsQoMZglw1yvR/97ZTAT36uTDloliNOtP9st9l3SypYrEQeGFeOs2CqN0pPe/lX0afjlcJIJm1CRTg/wW0jHHyfIVbU+PsN/BbdLyUL8Jt89HqcSvGeuZLN+KgBCQL+JgG6HV9c946oVG1tPWic7tnp2CIRX3m/DLd7uMKTb5Ikze3MN1WI/5N5uf2WvQr9Jsnzop6vvqe/eDUbYLSj8Wp8bsfT/Jp5jQjFn/X4JSM0CuCzoRZHj/WfrUdJoKy5GI4o7/5o0x+2TvTYZpRrGqSsrNbZqsLi0a7z
WxAHeCY9w9McXU1k26ubTrwgN/6gRZQyNGBQkn7jrAEQCPfhNKmAB/51d2f8IPT+g040pnucgNqboE/EvLUUI4IDGKKbA1573dVd+W7/NTs43krdazcAB+B/y7zRFZ/l90d47RDS3Kex9hliuzMMIAC6nm4fr20CSdUSuS5+oua/DF6jxqtBhV7wihW9xxkTs6w3q2Y/3ow0l0NSXB7Dbd9ggRJJzolkGKfd6G99BSszfCGReV3+7RRiihI3OHgvgx/UbqPXw5wbb9NKTQ25jwsQoMZglw1yvR/97ZTAT36uTDloliNOtP9st9l3SypYrEQeGFeOs2CqN0pPe/lX0afjlcJIJm1CRTg/wW0jHHyfIVbU+PsN/BbdLyUL8Jt89HqcSvGeuZLN+KgBCQL+JgG6HV9c946oVG1tPWic7tnp2CIRX3m/DLd7uMKTb5Ikze3MN1WI/5N5uf2WvQr9Jsnzop6vvqe/eDUbYLSj8Wp8bsfT/Jp5jQjFn/X4JSM0CuCzoRZHj/WfrUdJoKy5GI4o7/5p0x+2TvTYZpRrGqSsrNbZqsLi0a7z
WxAHeCY9w9McXU1k26ubTrwgN/6gRZQyNGBQkn7jrAEQCPfhNKmAB/51d2f8IPT+g040pnucgNqboE/EvLUUI4IDGKKbA1573dVd+W7/NTs43krdazcAB+B/y7zRFZ/l90d47RDS3Kex9hliuzMMIAC6nm4fr20CSdUSuS5+oua/DF6jxqtBhV7wihW9xxkTs6w3q2Y/3ow0l0NSXB7Dbd9ggRJJzolkGKfd6G99BSszfCGReV3+7RRiihI3OHgvgx/UbqPXw5wbb9NKTQ25jwsQoMZglw1yvR/97ZTAT36uTDloliNOtP9st9l3SypYrEQeGFeOs2CqN0pPe/lX0afjlcJIJm1CRTg/wW0jHHyfIVbU+PsN/BbdLyUL8Jt89HqcSvGeuZLN+KgBCQL+JgG6HV9c946oVG1tPWic7tnp2CIRX3m/DLd7uMKTb5Ikze3MN1WI/5N5uf2WvQr9Jsnzop6vvqe/eDUbYLSj8Wp8bsfT/Jp5jQjFn/X4JSM0CuCzoRZHj/WfrUdJoKy5GI4o7/5p0x+2TvTYZpRrGqSsrNbZqsLi0a7z
qvtW5j1ut2Xvh28ofOXywJC8RlGWCoqgoqVx4W8X1ZezeWeoI16DMurysSWmNRlAkZBl6nt0GnJd2Uhfb/7aap70Dvz85QclLHpRwIqF/EdplLDf4FK2MCx9SY1aZay/vDaw1JWeZvG136f37MZZ2HHgo8vYX9M55sTsEpH4z1dXcF7ijKOkfhOscFH4cwqLxymGEijM/SSENWdAEflk11uPD03Ji2UYpNvtY2IPEit3H5xtaoz8JBGcB0sXYkarBLpTR7DhfXtMNW9h8pPW8zv+K1TA30PtzMuYSA81t2Y397XS5Iz1P6/xnLsUYKH0D+BVA3kBMVqEHJrHlo14zzg7v+yBD+PlW5kkAZz25SfKyHkMbJ8Nhk7ZkJd/IfV8wRLXdRk7E017LoSFnXSfmTGj0shAfDnknvuolDN0MEFDzKw7nh1tV9jeZz8QOP21RhJa4V+tIqnqS2PhRQdvgQjsw2v55X44dt2l+Hw7E6SluR4o7UtcePZJoMTKeR3iu51cMmBt1L9OYSxMk9MBtkPx0xnEDcde565TiGQgraSX2MSuxeDQrvA=
qvtW5j1ut2Xvh28ofOXywJC8RlGWCoqgoqVx4W8X1ZezeWeoI16DMurysSWmNRlAkZBl6nt0GnJd2Uhfb/7aap70Dvz85QclLHpRwIqF/EdplLDf4FK2MCx9SY1aZay/vDaw1JWeZvG136f37MZZ2HHgo8vYX9M55sTsEpH4z1dXcF7ijKOkfhOscFH4cwqLxymGEijM/SSENWdAEflk11uPD03Ji2UYpNvtY2IPEit3H5xtaoz8JBGcB0sXYkarBLpTR7DhfXtMNW9h8pPW8zv+K1TA30PtzMuYSA81t2Y397XS5Iz1P6/xnLsUYKH0D+BVA3kBMVqEHJrHlo14zzg7v+yBD+PlW5kkAZz25SfKyHkMbJ8Nhk7ZkJd/IfV8wRLXdRk7E017LoSFnXSfmTGj0shAfDnknvuolDN0MEFDzKw7nh1tV9jeZz8QOP21RhJa4V+tIqnqS2PhRQdvgQjsw2v55X44dt2l+Hw7E6SluR4o7UtcePZJoMTKeR3iu51cMmBt1L9OYSxMk9MBtkPx0xnEDcde565TiGQgraSX2MSuxeDQrvA=
T54QY0M8qgwwUYQPbk0TZU4aetAl5luIs+4TGIblaXgclcwBWbYlah0iPnajnGlFK3zu+iS0TM0ePvzSutsC9DY7rh0=
PZuUQ1TV5u0uxWTbmCDCdU0aetAl5luIs+4TGIblaXgclcwBWbYlah0iPnajnGlFK3zu+iS0TM0ePvzSutsC9DY7rh0=
qkhiDX3Jhq/Mz56LW1EPeQ5NJpaTgL7ScPoPbkCZiQFlDMYycnSk5AuIPc9vxg1t3aQMEUC4KXtdMCp8I9T5hOoW6zw+rh4=
ymR+i0Y6XGJfc0tM0a9MRFEMetIx+inb5+QZBYDvLT0OkckBQKY2ah0iPnajnGBDK3Xo+i20TM0ePvzSutsC9DY7rh0=
kLZm/NyOSAzUeSFpSzFHAi+Eq/YuNL3SRQVkqRS99gSMyLGMrvwnGvjRt+sIoPnihI/ScAy4Xr36hspFrmc=
SbhIGnz69hR4obwCCixLbjS8s1C0uiPZx/UYXr4keQdD5iFl2bQoyRx4daM5oK70TzSVTK7mj8RCrmI=
qFlonnnge7g/7n2IQ8aYc48Ljcr8eP8TQAAzwpgtFOJ7NfOdmZ3npRAMFhuZxTEaLgP9cXbc2uutWLPT2sk16XWBP3DK2YHLCSK5X1PLh0WMy2hoIBkxRP3U8xngLhCYSihHNfGc6QfW7wZ0roiPzurFflH9+54CrmO1LTVdY06jLf7lgtLUhUdEtNSPwy/i9bSx9PVaGJW53qfXaaWj3nVXoUfi8zQwzsSfsvTBM13giJut/2JbHXe8xWcVQVtytMB4zdGs3Y15e/yKg1DeTs1O7pmyCn/eU28/YcZWvGbKXg8UL/4K5Y4ZU/Nbv5chIaTw3NE8hcobt2XJMDJPw8JSYCFRovbPKzPjOtfSBPjo7AmkxazNysw3waiSqJEYSZmE7ZK2dD8p68AWYjdZmhb3ZwOD8vcJHDQbBT7qnY/YMU3SI00ZK3kA1UAxCLnxVrjXBFsB+If/1vyJHWRsTBOVpADlE6gXW6PQLy9aOiIHx669M4tfX2M/qEaVVl7Ke3jxD0PhqObVcHyhVgpcLqJ/Uvie767B
jT27Kkm0EhbOqaHmfSElsnEEjoXFgsWLHE8KwGgTi2r55a1JzxDjWYdG0oiRn8Srjmgrs9Hdh+770XFDpqpLeWECEOSkccoc8G+CMwX0PrGCS/lt8jV0f8QGWPSNjm7xvc+/1wT2IRipsAsrYC9buW50FLL5KBcXb4B2gpSzrH4bvGix0AMyS595brJQfHWkDMXfILkpPJejv2dt0ZttGKzL9UMKP+prL880DdJ8dKSZLH/r/zIeazzKe6eo8XV7RCV3Adpj7rPjLkP0OG/LbUS7IKinZW+mT8dd8vyc/T+n4YSb/FDZNNew/ePBcbnaDKxiZ/5doI8Ay5eMmR/r5VOJPOG0ht3nkpiRrBQvhQbGKSj31/GtPDkiv1UBKxtNcz6cpfVEZ9lpc3qo+IyxZBZL0DTbJGiBe7yE24YNZVfQzn9fOMjF9Z7CMkGnHaopYjvbAe1Xt0Fw3CtL4fV2OH7NvdiUC2tkfem2yFU71Ph++VhkoqnFooNtdFJ4fdy/RnE0rLujOXYboTu9ur1G2G9X6+jM8PXkb+isjt3w2K74
KA5MkKl9GqM5+/CUKq6pSrX8rfSWZVDxZAJEtDM55JJiPibJza/342zFu/eD09NFyZlZdwEE5Wz5/BlNztyHSHMV+JvHkozlldCMsMuxtAyNR2jLoydgg2cuGh4fI35xmx/fw9v7WKqdYj62I9xng6s16LqtdEyNnv78kjobArS2+67d
RelhlVusnPq2I2FvMdM+WDX4NIEU8NMGq4M5NqOa+gZ9EE7B35/OAF0t4I8iAcYGuJpDSH5dPouNtqLCeWq8kMEoRV/HhuVdxUNEQbg4kasVEDIMCxSRFFJ2IwwmrgY=
0AtiiA1Of+oTkLcYcrTz8RqUoDG93Is6XFgVe4dKHRpEesPo8L1hb3B849Ve85zheHoGYv00wK2A9zNOHL7HqoLs/9B7I/l22yH7u3o9htiv1yvoDHA15K9obI4dcBiuOA==
qTfS/TNyA3/kdW/lebQt2jOnjxSM7qoga1gVe4dKHRpEesPo8L1hb3B849Ve85zheHoGYv00wK2A9zNOHL7HqoLs/9B7I/l22yH7u3o9htiv1yvoDHA15K9obI4dcBiuOA==
fnswArMKCbi2o0vo/02/MsAFn2FFrSELs7IhGniC95jEVU0PXJS3hYorwKGkolIyKZysDWxfR/7oBrsqflSLYI+LldY3ia9rrmXaGHOPfzjYGBkEgwBYfikIJK4E
ewqcDG/WYCqkgehjGcZkgJeSluGwJCyyt8gk5gSq/NacW31bn1oVGkxq28iYjZmvKCxLNeaDFGHwyn7CFeSY7bgHGy4Ers+qivznMFNTwbYDcZMbgo0OWCcnk4ikoO2k11iErgVgEK4w
Q8bfTF3xlyIs6/Wp5/2xQiTNiSLD5x3KpPwDjPijf1qjNifShNraDSgYDF3L3ufx5nB5u03rsaG4TRbA0u+1kf0wcmmQIEqrnsQUtnWm3jqbiDf/oxGoFjWAvFG2+tzeQo+SCH4frjE=
IOyhziMgrRx3vgN/aQQjB8LF+4FWTZC1LVMqZWAW9RSvG2IaX1VwKW+d873ET5PVRMJFHIUp2jgv/EOGcB9U88Y6shN2aSAfaMf2ab7jj1E5v5shXDQfO9UNSjhCNYmooONHBFEBYpgB4wi4IiGMNPYBKQLvxYDiDMUgPzrJwBzPC9XWdwnva+7lmhgzDz84mJjZBEOAmH7piOSuxA==
