7nl4BOoXNbB7rKr8JvTGcR9GJHh2F5kmV8k8R6ClqaxTYTUbZwMXW5VoKTtrx8hMXLka0SVraQ/0AseVito+cds1fuk2U2fxYc8j4YRkZxs9HUI4SiVhiNizn8TpcTo46VOAOKrRJFSusdHCt5W4AiTVKD8y2eh899sNlg+5N4pHlRSeu7ZXmEBoYUQbUGBegZjsrsw=
fBMGEVx/gyP6UOCfUlER68kMe7+Z0MimvsbO0byG3m/snW/7iqMuVUfDxkEXxic7rvvcTpDDtN16d9JDZMnsp7W5I4uZMX7AxXOvqdi40JHz4HoXZRRTNXhwO6daGLClNlystevSzbGa6vbhcn9obTqUVX93BrU9tQLV4Y4+YUKF0AIsW5ThdEI2k6z2rtY=
XB6D25NEDXUriOT1qo09lHz2i6wX3pP5OBPeACfmhs6+Q+gNPC6vZESQjOrQO8M/R2tMUz+5hJGEJMKddRaQ0rJDRoFRaW7TRgOi/bPzsnnuQ1kDWsuo5hxj+PVuJ4bb+Inwv2Hpt2NVUXIocQMbUeS47GlHkM7/aXSf3ewg779GWCw9Ygy4nadyQRnu2gLZDv+UVU6kodf7pnkVodIBeRL+fVrRAJZEF3TtHPbGJ9TKruo=
0p5kGLOYHWn02wWdMeSF9fqWmuTT9mkpU7qcfoHrixGDigcd87eiQVU7R1/EYVsbeycDmQFdGTtZUJUQkZg5Yfbol1R7EfiX34a82b307NyzxeRQxQOoB3vzkH+Pyrqyp5fu7RObX09Db+gWNcbeWtsotl5j9672/CA88faa3L4CLxKovv+u0Q==
XB8z+GMw/0vdHNtSKE/qHpjw07PMFvHARb/JKCwcAJbS56n5q0OgU4mfqy1bTtexWyoj3e2ft5MMVTtnYyMTdemJWWchNCWcGWyZ3a6sx3hTBfiL56LMlfVADCArQXQ8rVdo24MXoHOHvpqOf1M+QbsP39P7yxja/fK+JsMsprKLI+6qhESMfX5ufAJaa0KEluuuzQ==
4LEB3bYyptp0TWCxYFZJIpjw07PMFvHARb/JKCwcAJbS9qH3rUyhAYmfqy1bTtexWysj3e2ft5MMVTtnYyMTdemJWWchNCWcGWyZ3a6sx3hTBfiL56LMlfVADCArQXQ8rVdo24MXoHOHvpqOf1M+QbsP39P7yxja/fK+JsMsprKLI+6qhESMfX5ufAJaa0KEluuuzQ==
xoDoCzxqZeJIy3iDzPcMAkpsm8k0MnPJcaIVEOoT2BPEWFZyRVMAKt+951Oy3wXi6a/rKRNU86kU6RbrUmOWJc8jHhF9w87r9ptUviiD7M1yV6rzjElE141ZK5vB8YZwTdN3efC4+EErQPKnndQLJXCQA9fymFgVTnykpbOSdUESiq4xmn8APeJ03Q/Pxm0tvSItUea+ybK9sAo8g9SZxMqWy/zerv4=
Df4x+7pdmWKBzRKrCN9mtz95bBOHbXvHNGeljpyd+xJWXydBmJmqE2YDgj3Tc1K5iEO6QzpLSKY8Y9i1zqcmm9iJkP+BadejtVES6NGDu5HEuMyp5xBuPwl0fx2MoA//JlgMfcKMGN2HcmFZDlpime7/9JWuJMEX26ZZ1QFSobky/p2asYB2BHd0DVxWRoeU6q7K
SnmYXonp8am1FAvVz4Gy75t8EzlJiNpXaeKd+KK6zj7ZMor8n4fOjoJEIgkKSM4APdOl4Zs3X3ivk4fgY5e5OV8hgMurncd1S7cVpzkNFTItjnVSaQfq2n+az4t4AXNEZOe5ntwaT1dsPpE5SPF30eghK0AqFPvlxuPnQR8ZL+1w6PHsrlzn+n7w940OQDDCBO+S0AxYnp165orlrsc=
/BRp0TEGPwNsl3zHFwLW9Nmy4vCWG/HATb3fOngOA8bSouSw/w31AYmfqy1bTtexWy8j3e2ft5MMVTtnYyMTdemJWWchNCWcGWyZ3a6sx3hTBfiL56LMlfVADCArQXQ8rVdo24MXoHOHvpqOf1M+QbsP39P7yxja/fK+JsMsprKLI+6qhESMfX5ufAJaa0KEluuuzQ==
DOav/3HBLcpbaCTuNmfroHM8LEjZbXvMK3ei3JWOtRNcFCdBmJmqE2YDgj3Tc1K5jUO6QzpLSKY8Y9i1zqcmm9iJkP+BadejtVES6NGDu5HEuMyp5xBuPwl0fx2MoA//JlgMfcKMGN2HcmFZDlpime7/9JWuJMEX26ZZ1QFSobky/p2asYB2BHd0DVxWRoeU6q7K
iDu052UzuZlkpZQtd612e7axfxARuJ6E5dGShGdro0Muw0rN+1NKyZFCorMia2DWdCMQZSYHngugCShveYl/8/0RWtg5Y6Oh3LjUmf/whg9BNDdNJED3b57YdO16LPANTzIpKSZ6emn2/+zltgTp5xNmEYVp8hkpyn4lCsng3tS/tMVsPiafpPKu0g==
9SvubJjd9hL03EaRXwre3S/PYY3MF22u3ayh/pdjg3WX95YrpbX2v0JtNnlvZVXpWdfrZYum99lLJiLV/feXe9wdey+zy7MdeQHZ77FchXTJJNmVfkTnEEMN+IP3yux9JQhMaPup1FQ93+hTE38Am1f22savux4pqwff2+ujODItuv5uE8QG2hurbiIULCyVriY8SoqDYuyG467F
JXKrVSRJWq/nHvujDmGfDj9jYB6FLDKPK3D8g9DCp0BURmZBmJmqE2YDgj3Tc1K5j0K6QzpLSKY8Y9i1zqcmm9iJkP+BadejtVES6NGDu5HEuMyp5xBuPwl0fx2MoA//JlgMfcKMGN2HcmFZDlpime7/9JWuJMEX26ZZ1QFSobky/p2asYB2BHd0DVxWRoeU6q7K
+b1YlBQZG/IOFAgtXysqS2y9kuzZooEFO6IPKnUzMo/IoT3zjtyGojd5IdtIZXeHlEeGwOnEwoU243FJlmX+kno1fKSANx8yEqeViVufL+AP61fKYr5pQf+58GNr9fdtK4/Fz7nlRQrNlkW6Ka8aQt9in6N4KSO8xH9JNpzyf0+MBsHRyJmn6Yg5GyjqvIt9Zps3aR8x/5XQcIFEbjTX4h7IJ+WOqGD65PeiOEzwbgXaHtrNru8=
lpgz9oWEmq3vL93vZGzU1NKRgmwZCUSN0CM/s8ejz57vRm9R9o48+uq1ci1MbuCBk1CqafGzS/kTMmdVw66iaAVD59c0uRtzax/jUbHFmZOJqLUY4cD5iWZQ9xxLCfi/j/4cUU0srLSj/QSYdZsor6sLsHf/knpaNy+OpSODX2cTF0iexR6eMssQVpbTby5eLNgc+YbCHFaSl3Lgjueu+Q==
o/84jkLNbL/oo0nHEa+kmT95bBOHbXvPNnG32pGU5UBWWW4V1szYE2YDgj3Tc1K5gkG7QzpLSKY8Y9i1zqcmm9iJkP+BadejtVES6NGDu5HEuMyp5xBuPwl0fx2MoA//JlgMfcKMGN2HcmFZDlpime7/9JWuJMEX26ZZ1QFSobky/p2asYB2BHd0DVxWRoeU6q7K
2cDat2cWWhDVHmPdOeKjybb6gAu7lBxS8yxXHhcocsXQlZZzSLu9zfsbh7Qf/x9p5RUhVe/tWOfLsd95e9tNa/nBTV6dAu3+CasyFk/214d4DWsoVCthMry219vcUsn1iD0vvdgtM2xKOCMpdo9/zZ+Vt4HAJCnAznD/9k6cr0HOjGiutGMKfGz0RlFKipLprss=
7xt4sG+6o5h+XA/42v3ZkeaMhJGU248DHdu12dtPz/BPW7f+ZYGJ8b+pELPrpdd9a/9lP7mV5foNhmVqqf96Uh/S/5N4GUMMBG8pZhwiX19M9mGhyGkHmcgpO3hqbGttJivXWR8BHyWQYGGU7mT38l64hxWO2MAKJOeC6MygDhUarrr9rt8=
zEXeCYB0noj6+WjKgQvoSgMWESd+Ja6BTN+gsyRRVevkFV6FYm8MU07KGlMeeSg/kBdO6cazt7Exr7NhNISX2w09UjhaBVFIKFMvRHkRang5s3A4mvF0FP4RQUJHNQhCVLU4PyI5GLxHe30WnxnnSpe1JJ7L1gdYkIjxxKswEB6xuPyu3A==
MzC0gvfcBFrY/lO1K2zuweSMhICWzYsDHdu12dtPz/BPW7f4ZYGJ8b+pELPrpdd9a/9lP7mV5foNhmVqqf96Uh/S/5N4GUMMBG8pZhwiX19M9mGhyGkHmcgpO3hqbGttJivXWR8BHyWQYGGU7mT38l64hxWO2MAKJOeC6MygDhUarrr9rt8=
ope1Yjw9oL31ULyy4QMynAMWFzFiOK6BTN+gsyRRVevkFViFYm8MU07KGlMeeSg/kBdO6cazt7Exr7NhNISX2w09UjhaBVFIKFMvRHkRang5s3A4mvF0FP4RQUJHNQhCVLU4PyI5GLxHe30WnxnnSpe1JJ7L1gdYkIjxxKswEB6xuPyu3A==
EukV6KdiGSK1zMPoNqzVjwMWFidwPa6BTN+gsyRRVevkFVuFYm8MU07KGlMeeSg/kBdO6cazt7Exr7NhNISX2w09UjhaBVFIKFMvRHkRang5s3A4mvF0FP4RQUJHNQhCVLU4PyI5GLxHe30WnxnnSpe1JJ7L1gdYkIjxxKswEB6xuPyu3A==
0P24T/+NfJtc/sNeD8xjVJN6QThCl9QWOb/EoeLmwHqcfpb2hdTOipZEPR8BSMwEb4Ol4Zs3X3ivk4fnYpi5OV8hgMurncd1S7cVpzkNFTItjnVSaQfq2n+az4t4AXNEZOe5ntwaT1dsPpE5SPF30eghK0AqFPvlxuPnQR8ZL+1w6PHsrlzn+n7w940OQDDCBO+S0AxYnp165orlrsc=
DWmTeRE9cTYFahGxbzZ6w1fxZUaFp39JKmIqDuYJ/RNcc6lRThZ0KpKNuun4qUKgvRHUaTapJfLUGfYrIXQdN8enjut2R84rUAkYDynJrxNtkSq4iaNTgcy4xLkPMDZvMbSnrfQApw+u2ITNKmygrd+ymYlWOkqJ5v/8hYbEGUej5oEluTPJCbp+FeoZII60LzQ1jI5m74TirsI=
cfWK+aFFOwHGwIHzB8NsGlfxZUaFp39JKmIqDuYJ/RNcc6lRThZ0KpKNuun4qUKgvRHUaTapJfLUGfYrIXQdN8enjut2R84rUAkYDynJrxNtkSq4iaNTgcy4xLkPMDZvMbSnrfQApw+u2ITNKmygrd+ymYlWOkqJ5v/8hYbEGUej5oEluTbICbx4FeMZII60LzQ1jI5m74TirsI=
bwwOd80xA0j9RWH/ntLA310H8IOWM06p9VbD1eu8tHfG6qzItuhVxaVVeBQUW+pvUdGXS14T+uiCkLbp34b9hJm/gaORh8JIg/oUTNa9P9OFndrk1J2Qdbrf84XrCPjNxL8juE6rLh2EIGF+o685JlxqFoTj/wAZDeZM
