2S1g2A8LxI6CTy60q0MhJx9GJHh2F5kmV8k8R6ClqaxTYTUbZwMXW5VoKTtrx8hMXLka0SVraQ/0AseVito+cds1fuk2U2fxYc8j4YRkZxs9HUI4SiVhiNizn8TpcTo46VOAOKrRJFSusdHCt5W4AiTVKD8y2eh899sNlg+5N4xGlRCYu7RVmEloYUQbUGBegZjsrsw=
F78cuxR8HKTxT9y+yTvq1skMe7+Z0MimvsbO0byG3m/snW/7iqMuVUfDxkEXxic7rvvcTpDDtN16d9JDZMnsp7W5I4uZMX7AxXOvqdi40JHz4HoXZRRTNXhwO6daGLClNlystevSzbGa6vbhcn9obTqUVX93BrU9tQTU4Yo4YUCH0AssW5ThdEI2k6z2rtY=
LjHgB2WqymzvlM01+VtRDXz2i6wX3pP5OBPeACfmhs6+Q+gNPC6vZESQjOrQO8M/R2tMUz+5hJGEJMKddRaQ0rJDRoFRaW7TRgOi/bPzsnnuQ1kDWsuo5hxj+PVuJ4bb+Inwv2Hpt2NVUXIocQMbUeS47GlHkM7/aXSf3ewg779GWCw9Ygy4nadyQRnu2gLZDv+UVU6kodf7pnkVodQAeRb4fVjTAJ9EF3TtHPbGJ9TKruo=
SPzAP0uKsO3/mpYlWZXJRvqWmuTT9mkpU7qcfoHrixGDigcd87eiQVU7R1/EYVsbeycDmQFdGTtZUJUQkZg5Yfbol1R7EfiX34a82b307NyzxeRQxQOoB3vzkH+Pyrqyp5fu7RObX09Db+gWNcbeWtsosF9j86j2/iI8+Paa3L4CLxKovv+u0Q==
3/3d4/3jHLrsYTG+uu2CWpjw07PMFvHARb/JKCwcAJbS56n5q0OgU4mfqy1bTtexWyoj3e2ft5MMVTtnYyMTdemJWWchNCWcGWyZ3a6sx3hTBfiL56LMlfVADCArQXQ8rVdo24MXoHOHvpqOf1M+QbsP39P7yxja/fK+JsMsoLOLJ+iqhkaMdH5ufAJaa0KEluuuzQ==
JuQwnixEPvV6GGR4klU7OJjw07PMFvHARb/JKCwcAJbS9qH3rUyhAYmfqy1bTtexWysj3e2ft5MMVTtnYyMTdemJWWchNCWcGWyZ3a6sx3hTBfiL56LMlfVADCArQXQ8rVdo24MXoHOHvpqOf1M+QbsP39P7yxja/fK+JsMsoLOLJ+iqhkaMdH5ufAJaa0KEluuuzQ==
kEgTDDnsdQrPVuN6lwXlh0psm8k0MnPJcaIVEOoT2BPEWFZyRVMAKt+951Oy3wXi6a/rKRNU86kU6RbrUmOWJc8jHhF9w87r9ptUviiD7M1yV6rzjElE141ZK5vB8YZwTdN3efC4+EErQPKnndQLJXCQA9fymFgVTnykpbOSdUESiq4xmn8APeJ03Q/Pxm0tvSQsUeK4ybC/sAM8g9SZxMqWy/zerv4=
h05cvPNxMHJtWQ4yz3UPjz95bBOHbXvHNGeljpyd+xJWXydBmJmqE2YDgj3Tc1K5iEO6QzpLSKY8Y9i1zqcmm9iJkP+BadejtVES6NGDu5HEuMyp5xBuPwl0fx2MoA//JlgMfcKMGN2HcmFZDlpime7/9JWuJMEX26ZZ1QFUoLk2+J2Ys4B/BHd0DVxWRoeU6q7K
f5u7A9VojrCFi4S/Y4Eoypt8EzlJiNpXaeKd+KK6zj7ZMor8n4fOjoJEIgkKSM4APdOl4Zs3X3ivk4fgY5e5OV8hgMurncd1S7cVpzkNFTItjnVSaQfq2n+az4t4AXNEZOe5ntwaT1dsPpE5SPF30eghK0AqFPvlxuPnQR8ZL+1w6PHsrlzn+njx94kIQDLABOaS0AxYnp165orlrsc=
Ko9RbQvmE1OOHP2/sM1LVdmy4vCWG/HATb3fOngOA8bSouSw/w31AYmfqy1bTtexWy8j3e2ft5MMVTtnYyMTdemJWWchNCWcGWyZ3a6sx3hTBfiL56LMlfVADCArQXQ8rVdo24MXoHOHvpqOf1M+QbsP39P7yxja/fK+JsMsoLOLJ+iqhkaMdH5ufAJaa0KEluuuzQ==
U3UqG9jAdISOaooDeHQ093M8LEjZbXvMK3ei3JWOtRNcFCdBmJmqE2YDgj3Tc1K5jUO6QzpLSKY8Y9i1zqcmm9iJkP+BadejtVES6NGDu5HEuMyp5xBuPwl0fx2MoA//JlgMfcKMGN2HcmFZDlpime7/9JWuJMEX26ZZ1QFUoLk2+J2Ys4B/BHd0DVxWRoeU6q7K
1sxJ1t6IKpguIIIZNdT8fraxfxARuJ6E5dGShGdro0Muw0rN+1NKyZFCorMia2DWdCMQZSYHngugCShveYl/8/0RWtg5Y6Oh3LjUmf/whg9BNDdNJED3b57YdO16LPANTzIpKSZ6emn2/+zltgTp5xNmEYVp9BgpznglCMvg19S/tMVsPiafpPKu0g==
nj+eVoEWcJXD9swXQ4UsJS/PYY3MF22u3ayh/pdjg3WX95YrpbX2v0JtNnlvZVXpWdfrZYum99lLJiLV/feXe9wdey+zy7MdeQHZ77FchXTJJNmVfkTnEEMN+IP3yux9JQhMaPup1FQ93+hTE38Am1f22savux4pqwff2+ujODItuv5uE8QA2xuvaCIWLiycriY8SoqDYuyG467F
B1uYc/J8plOvnO6yG8svaT9jYB6FLDKPK3D8g9DCp0BURmZBmJmqE2YDgj3Tc1K5j0K6QzpLSKY8Y9i1zqcmm9iJkP+BadejtVES6NGDu5HEuMyp5xBuPwl0fx2MoA//JlgMfcKMGN2HcmFZDlpime7/9JWuJMEX26ZZ1QFUoLk2+J2Ys4B/BHd0DVxWRoeU6q7K
dO9GYZBPW/HuRklpFMCQ/2y9kuzZooEFO6IPKnUzMo/IoT3zjtyGojd5IdtIZXeHlEeGwOnEwoU243FJlmX+kno1fKSANx8yEqeViVufL+AP61fKYr5pQf+58GNr9fdtK4/Fz7nlRQrNlkW6Ka8aQt9in6N4KSO8xH9JNpzyf0+MBsHRyJmn6Yg5GyjqvIt9Zps3aR8x/5XQcIFEbjTX4hjJJ+GIqGL45P6iOEzwbgXaHtrNru8=
WM/MRltTve9+eTyKJpeiT9KRgmwZCUSN0CM/s8ejz57vRm9R9o48+uq1ci1MbuCBk1CqafGzS/kTMmdVw66iaAVD59c0uRtzax/jUbHFmZOJqLUY4cD5iWZQ9xxLCfi/j/4cUU0srLSj/QSYdZsor6sLsHf/knpaNy+OpSODX2cTF0iexR6eMssQUJfTayheLtoc8IbCHFaSl3Lgjueu+Q==
mhJzsFYEz2GCg80r+LOrKD95bBOHbXvPNnG32pGU5UBWWW4V1szYE2YDgj3Tc1K5gkG7QzpLSKY8Y9i1zqcmm9iJkP+BadejtVES6NGDu5HEuMyp5xBuPwl0fx2MoA//JlgMfcKMGN2HcmFZDlpime7/9JWuJMEX26ZZ1QFUoLk2+J2Ys4B/BHd0DVxWRoeU6q7K
jc7YEI7ZcbZLGGH4WOngt7b6gAu7lBxS8yxXHhcocsXQlZZzSLu9zfsbh7Qf/x9p5RUhVe/tWOfLsd95e9tNa/nBTV6dAu3+CasyFk/214d4DWsoVCthMry219vcUsn1iD0vvdgtM2xKOCMpdo9/zZ+Vt4HAJCnAznD/9kidr0XIjGqstGoKfGz0RlFKipLprss=
okL9+SdASwhrGx3m0w4a9eaMhJGU248DHdu12dtPz/BPW7f+ZYGJ8b+pELPrpdd9a/9lP7mV5foNhmVqqf96Uh/S/5N4GUMMBG8pZhwiX19M9mGhyGkHmcgpO3hqbGttJivXWR8BHyWQYGGU7mT38li5hxGI2MIIJO6C6MygDhUarrr9rt8=
hwk8eZjOr4OaIskO/5MyOgMWESd+Ja6BTN+gsyRRVevkFV6FYm8MU07KGlMeeSg/kBdO6cazt7Exr7NhNISX2w09UjhaBVFIKFMvRHkRang5s3A4mvF0FP4RQUJHNQhCVLU4PyI5GLxHe30WnxnnTJa1IJjL1AVYmYjxxKswEB6xuPyu3A==
rBuEzoLeApIMKRgqgNBwOuSMhICWzYsDHdu12dtPz/BPW7f4ZYGJ8b+pELPrpdd9a/9lP7mV5foNhmVqqf96Uh/S/5N4GUMMBG8pZhwiX19M9mGhyGkHmcgpO3hqbGttJivXWR8BHyWQYGGU7mT38li5hxGI2MIIJO6C6MygDhUarrr9rt8=
8Nnhi/g9vUS2is0ui0mK5AMWFzFiOK6BTN+gsyRRVevkFViFYm8MU07KGlMeeSg/kBdO6cazt7Exr7NhNISX2w09UjhaBVFIKFMvRHkRang5s3A4mvF0FP4RQUJHNQhCVLU4PyI5GLxHe30WnxnnTJa1IJjL1AVYmYjxxKswEB6xuPyu3A==
Q0cGAqEmUuF4E4mPmOCDlQMWFidwPa6BTN+gsyRRVevkFVuFYm8MU07KGlMeeSg/kBdO6cazt7Exr7NhNISX2w09UjhaBVFIKFMvRHkRang5s3A4mvF0FP4RQUJHNQhCVLU4PyI5GLxHe30WnxnnTJa1IJjL1AVYmYjxxKswEB6xuPyu3A==
6HHT6vaBzj9poFnAI2pktZN6QThCl9QWOb/EoeLmwHqcfpb2hdTOipZEPR8BSMwEb4Ol4Zs3X3ivk4fnYpi5OV8hgMurncd1S7cVpzkNFTItjnVSaQfq2n+az4t4AXNEZOe5ntwaT1dsPpE5SPF30eghK0AqFPvlxuPnQR8ZL+1w6PHsrlzn+njx94kIQDLABOaS0AxYnp165orlrsc=
DDdls/AZDTrRKooXUUTSB1fxZUaFp39JKmIqDuYJ/RNcc6lRThZ0KpKNuun4qUKgvRHUaTapJfLUGfYrIXQdN8enjut2R84rUAkYDynJrxNtkSq4iaNTgcy4xLkPMDZvMbSnrfQApw+u2ITNKmygrd+ymYlWOkqJ5v/8hYbEGUej5oEluTTICb54FegbIIe0LzQ1jI5m74TirsI=
TuvkzKNeKkJr8lKNiF2Xi1fxZUaFp39JKmIqDuYJ/RNcc6lRThZ0KpKNuun4qUKgvRHUaTapJfLUGfYrIXQdN8enjut2R84rUAkYDynJrxNtkSq4iaNTgcy4xLkPMDZvMbSnrfQApw+u2ITNKmygrd+ymYlWOkqJ5v/8hYbEGUej5oEluTHJCbR7Fe8ZIIS0LzQ1jI5m74firsI=
bwwOd80xA0j9RWH/ntLA310H8IOWM06p9VbD1eu8tHfG6qzItuhVxaVVeBQUW+pvUdGXS14T+uiCkLbp34b9hJm/gaORh8JIg/oUTNa9P9OFndrk1J2Qdbrf84XrCPjNxL8juE6rLh2EIGF+o685JlxqFoTj/wAZDeZM
